[02:43:25] [modloading-worker-0/INFO] ========================================
[02:43:25] [modloading-worker-0/INFO] Minecraft: 1.20.1
[02:43:25] [modloading-worker-0/INFO] Side: server
[02:43:25] [modloading-worker-0/INFO] Development: false
[02:43:25] [modloading-worker-0/INFO] Version: 12.0.659
[02:43:25] [modloading-worker-0/INFO] Loader:
[02:43:25] [modloading-worker-0/INFO] - Forge: 47.2.0
[02:43:25] [modloading-worker-0/INFO] Dependencies:
[02:43:25] [modloading-worker-0/INFO] - Cloth Config: 11.1.106
[02:43:25] [modloading-worker-0/INFO] - Architectury: 9.1.12
[02:43:25] [modloading-worker-0/INFO] Mixin: 0.8.5
[02:43:25] [modloading-worker-0/INFO] OS: Windows 10 10.0 (amd64)
[02:43:25] [modloading-worker-0/INFO] Java: 17.0.9 (Oracle Corporation)
[02:43:25] [modloading-worker-0/INFO] ========================================
[02:43:25] [modloading-worker-0/INFO] Mods:
[02:43:25] [modloading-worker-0/INFO] - additional_lights: 2.1.7
[02:43:25] [modloading-worker-0/INFO] - additionallanterns: 1.1.1
[02:43:25] [modloading-worker-0/INFO] - additionalstructures: 4.2.1
[02:43:25] [modloading-worker-0/INFO] - adhooks: 10.1.0.0
[02:43:25] [modloading-worker-0/INFO] - adorn: 5.0.0+1.20.1
[02:43:25] [modloading-worker-0/INFO] - advancednetherite: 2.0.2
[02:43:25] [modloading-worker-0/INFO] - aiimprovements: 0.5.2
[02:43:25] [modloading-worker-0/INFO] - alexsmobs: 1.22.6
[02:43:25] [modloading-worker-0/INFO] - ambientsounds: 5.2.22
[02:43:25] [modloading-worker-0/INFO] - apexcore: 10.0.0
[02:43:25] [modloading-worker-0/INFO] - appleskin: 2.5.0+mc1.20.1
[02:43:25] [modloading-worker-0/INFO] - aquaculture: 2.5.0
[02:43:25] [modloading-worker-0/INFO] - architectury: 9.1.12
[02:43:25] [modloading-worker-0/INFO] - artifacts: 9.1.0
[02:43:25] [modloading-worker-0/INFO] - attributefix: 21.0.2
[02:43:25] [modloading-worker-0/INFO] - automessage: 2.0.3-1.20.1_forge
[02:43:25] [modloading-worker-0/INFO] - awesomedungeon: 3.2.0
[02:43:25] [modloading-worker-0/INFO] - awesomedungeonend: 3.1.1
[02:43:25] [modloading-worker-0/INFO] - awesomedungeonnether: 3.1.1
[02:43:25] [modloading-worker-0/INFO] - awesomedungeonocean: 3.3.0
[02:43:25] [modloading-worker-0/INFO] - bagus_lib: 1.20.1-4.0.0
[02:43:25] [modloading-worker-0/INFO] - balm: 7.1.4
[02:43:25] [modloading-worker-0/INFO] - bambooeverything: 3.0.3+mc1.20.1
[02:43:25] [modloading-worker-0/INFO] - barteringstation: 8.0.0
[02:43:25] [modloading-worker-0/INFO] - bcc: 4.0.8
[02:43:25] [modloading-worker-0/INFO] - beautify: 2.0.2
[02:43:25] [modloading-worker-0/INFO] - betteradvancements: 0.3.2.161
[02:43:25] [modloading-worker-0/INFO] - betteranimationscollection: 8.0.0
[02:43:25] [modloading-worker-0/INFO] - betterthirdperson: 1.9.0
[02:43:25] [modloading-worker-0/INFO] - bhmenu: 2.4.1
[02:43:25] [modloading-worker-0/INFO] - biomesoplenty: 18.0.0.592
[02:43:25] [modloading-worker-0/INFO] - bonetorch: 0.0.1
[02:43:25] [modloading-worker-0/INFO] - breedablekillerrabbit: 3.2
[02:43:25] [modloading-worker-0/INFO] - burgermod: 2.9.4
[02:43:25] [modloading-worker-0/INFO] - camera: 1.20.1-1.0.5
[02:43:25] [modloading-worker-0/INFO] - car: 1.20.1-1.0.5
[02:43:25] [modloading-worker-0/INFO] - carryon: 2.1.0.1
[02:43:25] [modloading-worker-0/INFO] - catalogue: 1.8.0
[02:43:25] [modloading-worker-0/INFO] - cfm: 7.0.0-pre36
[02:43:25] [modloading-worker-0/INFO] - chat_heads: 0.10.22
[02:43:25] [modloading-worker-0/INFO] - chunky: 1.3.92
[02:43:25] [modloading-worker-0/INFO] - citadel: 2.4.4
[02:43:25] [modloading-worker-0/INFO] - cloth_config: 11.1.106
[02:43:25] [modloading-worker-0/INFO] - clumps: 12.0.0.3
[02:43:25] [modloading-worker-0/INFO] - collective: 6.66
[02:43:25] [modloading-worker-0/INFO] - colorize: 1.6.0
[02:43:25] [modloading-worker-0/INFO] - colourfulearth: 1.20.1-2.1
[02:43:25] [modloading-worker-0/INFO] - colourfulgoats: 1.20.1-1.3
[02:43:25] [modloading-worker-0/INFO] - comforts: 6.3.3+1.20.1
[02:43:25] [modloading-worker-0/INFO] - commonality: 7.0.0
[02:43:25] [modloading-worker-0/INFO] - commongroovylibrary: 0.3.3
[02:43:25] [modloading-worker-0/INFO] - connectedglass: 1.1.7
[02:43:25] [modloading-worker-0/INFO] - constructionwand: 1.20.1-2.11
[02:43:25] [modloading-worker-0/INFO] - controlling: 12.0.2
[02:43:25] [modloading-worker-0/INFO] - corail_woodcutter: 3.0.3
[02:43:25] [modloading-worker-0/INFO] - cosmeticarmorreworked: 1.20.1-v1a
[02:43:25] [modloading-worker-0/INFO] - craftablehorsearmour: 1.10
[02:43:25] [modloading-worker-0/INFO] - craftingtweaks: 18.2.1
[02:43:25] [modloading-worker-0/INFO] - crafttweaker: 14.0.17
[02:43:25] [modloading-worker-0/INFO] - create: 0.5.1.d
[02:43:25] [modloading-worker-0/INFO] - creativecore: 2.11.1
[02:43:25] [modloading-worker-0/INFO] - cristellib: 1.1.3
[02:43:25] [modloading-worker-0/INFO] - ctov: 3.3.4
[02:43:25] [modloading-worker-0/INFO] - curios: 5.4.1+1.20.1
[02:43:25] [modloading-worker-0/INFO] - cyclepaintings: 3.2
[02:43:25] [modloading-worker-0/INFO] - dangerclose: 2.2.4-1.20.1_forge
[02:43:25] [modloading-worker-0/INFO] - despawningeggshatch: 4.1
[02:43:25] [modloading-worker-0/INFO] - diagonalfences: 8.0.1
[02:43:25] [modloading-worker-0/INFO] - doubledoors: 5.0
[02:43:25] [modloading-worker-0/INFO] - dungeons_arise: 2.1.56.1-1.20.1
[02:43:25] [modloading-worker-0/INFO] - dustrial_decor: 1.3.2
[02:43:25] [modloading-worker-0/INFO] - dynamiclights: 1.20.1.1
[02:43:25] [modloading-worker-0/INFO] - easier_sleeping: 2.1.3
[02:43:25] [modloading-worker-0/INFO] - eatanomelette: 1.2.1-1.20.1_forge
[02:43:25] [modloading-worker-0/INFO] - eatinganimation: 5.0.0
[02:43:25] [modloading-worker-0/INFO] - enchantwithmob: 1.20.1-11.3.0
[02:43:25] [modloading-worker-0/INFO] - enderchests: 1.20.1-1.1
[02:43:25] [modloading-worker-0/INFO] - entityculling: 1.6.2
[02:43:25] [modloading-worker-0/INFO] - exclusive_weapons_armor_and_tools: 2.1.0
[02:43:25] [modloading-worker-0/INFO] - expandability: 9.0.0
[02:43:25] [modloading-worker-0/INFO] - explorerscompass: 1.20.1-1.3.3-forge
[02:43:25] [modloading-worker-0/INFO] - fallingleaves: 2.1.0
[02:43:25] [modloading-worker-0/INFO] - fallingtree: 4.3.0
[02:43:25] [modloading-worker-0/INFO] - fancymenu: 2.14.9
[02:43:25] [modloading-worker-0/INFO] - fantasyfurniture: 9.0.0
[02:43:25] [modloading-worker-0/INFO] - farmersdelight: 1.20.1-1.2.3
[02:43:25] [modloading-worker-0/INFO] - fastleafdecay: 31
[02:43:25] [modloading-worker-0/INFO] - ferritecore: 6.0.0
[02:43:25] [modloading-worker-0/INFO] - fishofthieves: 3.0.2
[02:43:25] [modloading-worker-0/INFO] - flib: 0.0.11
[02:43:25] [modloading-worker-0/INFO] - flywheel: 0.6.9-4
[02:43:25] [modloading-worker-0/INFO] - forge: 47.2.0
[02:43:25] [modloading-worker-0/INFO] - forgeendertech: 11.1.0.0
[02:43:25] [modloading-worker-0/INFO] - fpsreducer: 1.20-2.5
[02:43:25] [modloading-worker-0/INFO] - geckolib: 4.2.3
[02:43:25] [modloading-worker-0/INFO] - gml: 4.0.4
[02:43:25] [modloading-worker-0/INFO] - goldenfood: 2.0.1-1.20.1_forge
[02:43:25] [modloading-worker-0/INFO] - gravestone: 1.20.1-1.0.5
[02:43:25] [modloading-worker-0/INFO] - handcrafted: 3.0.1
[02:43:25] [modloading-worker-0/INFO] - hunters_return: 1.20.1-11.0.1
[02:43:25] [modloading-worker-0/INFO] - insanelib: 1.11.1
[02:43:25] [modloading-worker-0/INFO] - inventoryessentials: 8.2.1
[02:43:25] [modloading-worker-0/INFO] - inventoryhud: 3.4.18
[02:43:25] [modloading-worker-0/INFO] - inventorytotem: 3.0
[02:43:25] [modloading-worker-0/INFO] - iron_ender_chests: 1.20-1.0.2
[02:43:25] [modloading-worker-0/INFO] - ironchest: 1.20.1-14.4.4
[02:43:25] [modloading-worker-0/INFO] - jade: 11.6.1
[02:43:25] [modloading-worker-0/INFO] - jei: 15.9999
[02:43:25] [modloading-worker-0/INFO] - journeymap: 5.9.14
[02:43:25] [modloading-worker-0/INFO] - kleeslabs: 15.0.0
[02:43:25] [modloading-worker-0/INFO] - konkrete: 1.6.1
[02:43:25] [modloading-worker-0/INFO] - kotlinforforge: 4.4.0
[02:43:25] [modloading-worker-0/INFO] - lapisreserve: 1.0.8F
[02:43:25] [modloading-worker-0/INFO] - libipn: 4.0.0
[02:43:25] [modloading-worker-0/INFO] - libraryferret: 4.0.0
[02:43:25] [modloading-worker-0/INFO] - lightoverlay: 8.0.0
[02:43:25] [modloading-worker-0/INFO] - loadingbackgrounds: 1.1.0
[02:43:25] [modloading-worker-0/INFO] - loadmyresources: 1.0.4
[02:43:25] [modloading-worker-0/INFO] - lootr: 0.7.29.68
[02:43:25] [modloading-worker-0/INFO] - macawsbridgesbop: 1.20-1.1
[02:43:25] [modloading-worker-0/INFO] - macawsroofsbop: 1.20-1.0
[02:43:25] [modloading-worker-0/INFO] - magistuarmory: 8.2
[02:43:25] [modloading-worker-0/INFO] - mavapi: 1.1.3
[02:43:25] [modloading-worker-0/INFO] - mavm: 1.2.4
[02:43:25] [modloading-worker-0/INFO] - mca: 7.5.8+1.20.1
[02:43:25] [modloading-worker-0/INFO] - mcwbridges: 2.1.1
[02:43:25] [modloading-worker-0/INFO] - mcwfences: 1.0.7
[02:43:25] [modloading-worker-0/INFO] - mcwfencesbop: 1.20-1.0
[02:43:25] [modloading-worker-0/INFO] - mcwlights: 1.0.6
[02:43:25] [modloading-worker-0/INFO] - mcwpaths: 1.0.3
[02:43:25] [modloading-worker-0/INFO] - mcwroofs: 2.2.4b
[02:43:25] [modloading-worker-0/INFO] - mcwtrpdoors: 1.1.1
[02:43:25] [modloading-worker-0/INFO] - minecraft: 1.20.1
[02:43:25] [modloading-worker-0/INFO] - mixinextras: 0.2.0-rc.3
[02:43:25] [modloading-worker-0/INFO] - modernfix: 5.7.4+mc1.20.1
[02:43:25] [modloading-worker-0/INFO] - moonlight: 1.20-2.8.30
[02:43:25] [modloading-worker-0/INFO] - mooshroomtweaks: 3.2
[02:43:25] [modloading-worker-0/INFO] - morebeautifultorches: 2.5.2-1.20.1_forge
[02:43:25] [modloading-worker-0/INFO] - morebowsandarrows: 1.0.0
[02:43:25] [modloading-worker-0/INFO] - moreconcrete: 1.4.7
[02:43:25] [modloading-worker-0/INFO] - moremobvariants: 1.2.2
[02:43:25] [modloading-worker-0/INFO] - morevanillaarmor: 1.20.1-5.1.2
[02:43:25] [modloading-worker-0/INFO] - mousetweaks: 2.25
[02:43:25] [modloading-worker-0/INFO] - nature_arise: 0.4.3
[02:43:25] [modloading-worker-0/INFO] - naturescompass: 1.20.1-1.11.2-forge
[02:43:25] [modloading-worker-0/INFO] - netherdepthsupgrade: 3.1.0-1.20
[02:43:25] [modloading-worker-0/INFO] - newshieldvariants: 1.1.0-1.20.1_forge
[02:43:25] [modloading-worker-0/INFO] - newslabvariants: 2.0.0-1.20.1_forge
[02:43:25] [modloading-worker-0/INFO] - nochatreports: 1.20.1-v2.2.2
[02:43:25] [modloading-worker-0/INFO] - pipez: 1.20.1-1.1.5
[02:43:25] [modloading-worker-0/INFO] - playerrevive: 2.0.17
[02:43:25] [modloading-worker-0/INFO] - polymorph: 0.49.0+1.20.1
[02:43:25] [modloading-worker-0/INFO] - progressivebosses: 3.9.2-mc1.20.1
[02:43:25] [modloading-worker-0/INFO] - puzzleslib: 8.0.24
[02:43:25] [modloading-worker-0/INFO] - railways: 1.5.0+forge-mc1.20.1-build.14
[02:43:25] [modloading-worker-0/INFO] - randommobeffects: 3.1
[02:43:25] [modloading-worker-0/INFO] - rei_plugin_compatibilities: 12.0.88
[02:43:25] [modloading-worker-0/INFO] - repurposed_structures: 7.1.6+1.20.1-forge
[02:43:25] [modloading-worker-0/INFO] - resourcefullib: 2.1.11
[02:43:25] [modloading-worker-0/INFO] - roughlyenoughitems: 12.0.659
[02:43:25] [modloading-worker-0/INFO] - roughlyenoughprofessions: 2.0.1
[02:43:25] [modloading-worker-0/INFO] - rubidium: 0.6.5
[02:43:25] [modloading-worker-0/INFO] - searchables: 1.0.1
[02:43:25] [modloading-worker-0/INFO] - securitycraft: 1.9.7-beta2
[02:43:25] [modloading-worker-0/INFO] - shetiphiancore: 1.20.1-1.1
[02:43:25] [modloading-worker-0/INFO] - shulkerbox: 1.20.1-1.0.1
[02:43:25] [modloading-worker-0/INFO] - simplylight: 1.20.1-1.4.5-build.49
[02:43:25] [modloading-worker-0/INFO] - sit: 1.3.3
[02:43:25] [modloading-worker-0/INFO] - skeletonhorsespawn: 3.6
[02:43:25] [modloading-worker-0/INFO] - sleeping_bags: 1.20.1-1.0.3
[02:43:25] [modloading-worker-0/INFO] - snowundertrees: 1.4.1
[02:43:25] [modloading-worker-0/INFO] - snowyspirit: 1.20-2.2.5
[02:43:25] [modloading-worker-0/INFO] - snuffles: 1.0.7
[02:43:25] [modloading-worker-0/INFO] - sophisticatedbackpacks: 3.18.59.909
[02:43:25] [modloading-worker-0/INFO] - sophisticatedcore: 0.5.89.425
[02:43:25] [modloading-worker-0/INFO] - sound_physics_remastered: 1.20.1-1.1.2
[02:43:25] [modloading-worker-0/INFO] - spectrelib: 0.13.12+1.20.1
[02:43:25] [modloading-worker-0/INFO] - splash_milk: 2.1.0
[02:43:25] [modloading-worker-0/INFO] - stackabowls: 1.0.1
[02:43:25] [modloading-worker-0/INFO] - stackrefill: 4.0
[02:43:25] [modloading-worker-0/INFO] - starterkit: 5.2
[02:43:25] [modloading-worker-0/INFO] - storagenetwork: 1.10.0
[02:43:25] [modloading-worker-0/INFO] - super_ore_block: 4.1.0
[02:43:25] [modloading-worker-0/INFO] - supermartijn642configlib: 1.1.8
[02:43:25] [modloading-worker-0/INFO] - supermartijn642corelib: 1.1.12a
[02:43:25] [modloading-worker-0/INFO] - supplementaries: 1.20-2.6.2
[02:43:25] [modloading-worker-0/INFO] - t_and_t: 0.0NONE
[02:43:25] [modloading-worker-0/INFO] - terrablender: 3.0.0.169
[02:43:25] [modloading-worker-0/INFO] - trade_cycling: 1.20.1-1.0.7
[02:43:25] [modloading-worker-0/INFO] - trashcans: 1.0.18b
[02:43:25] [modloading-worker-0/INFO] - travelersbackpack: 9.1.7
[02:43:25] [modloading-worker-0/INFO] - trimeffects: 1.0.1-forge
[02:43:25] [modloading-worker-0/INFO] - undergarden: 0.8.8
[02:43:25] [modloading-worker-0/INFO] - vanilla_degus: 1.5.0
[02:43:25] [modloading-worker-0/INFO] - vanillaplustools: 1.20-1.0
[02:43:25] [modloading-worker-0/INFO] - veinmining: 1.2.0+1.20.1
[02:43:25] [modloading-worker-0/INFO] - visualworkbench: 8.0.0
[02:43:25] [modloading-worker-0/INFO] - voicechat: 1.20.1-2.4.25
[02:43:25] [modloading-worker-0/INFO] - waddles: 0.9.4
[02:43:25] [modloading-worker-0/INFO] - waystones: 14.0.2
[02:43:25] [modloading-worker-0/INFO] - woodenshears: 1.20.1-1.5.0.0
[02:43:25] [modloading-worker-0/INFO] - xpbook: 2.1.8
[02:43:25] [modloading-worker-0/INFO] ========================================
[02:43:25] [modloading-worker-0/INFO] [REI] Registered plugin provider AdornReiServerForge [adorn] for REIPlugin
[02:43:25] [modloading-worker-0/INFO] [REI] Registered plugin provider DefaultPluginImpl [roughlyenoughitems] for REIServerPlugin
[02:43:25] [modloading-worker-0/INFO] [REI] Registered plugin provider DefaultPluginImpl [roughlyenoughitems] for REIPlugin
[02:43:25] [modloading-worker-0/INFO] [REI] Registered plugin provider DefaultRuntimePlugin [roughlyenoughitems] for REIServerPlugin
[02:43:25] [modloading-worker-0/INFO] [REI] Registered plugin provider DefaultRuntimePlugin [roughlyenoughitems] for REIPlugin
[02:43:25] [modloading-worker-0/INFO] [REI] Registered plugin provider AdornReiServerForge [adorn] for REIServerPlugin
[02:43:39] [Worker-Main-2/DEBUG] [REI] Processed 0 tags in 2.155 ms for minecraft:damage_type
[02:43:39] [Worker-Main-7/DEBUG] [REI] Processed 3 tags in 5.054 ms for minecraft:instrument
[02:43:39] [Worker-Main-1/DEBUG] [REI] Processed 2 tags in 6.205 ms for minecraft:painting_variant
[02:43:39] [Worker-Main-11/DEBUG] [REI] Processed 2 tags in 6.374 ms for minecraft:cat_variant
[02:43:39] [Worker-Main-10/DEBUG] [REI] Processed 1 tags in 7.395 ms for minecraft:potion
[02:43:39] [Worker-Main-12/DEBUG] [REI] Processed 1 tags in 7.140 ms for minecraft:stormfish_variant
[02:43:39] [Worker-Main-9/DEBUG] [REI] Processed 1 tags in 16.52 ms for minecraft:plentifin_variant
[02:43:39] [Worker-Main-3/DEBUG] [REI] Processed 1 tags in 19.39 ms for minecraft:pondie_variant
[02:43:39] [Worker-Main-15/DEBUG] [REI] Processed 1 tags in 26.40 μs for minecraft:splashtail_variant
[02:43:39] [Worker-Main-2/DEBUG] [REI] Processed 0 tags in 14.10 μs for minecraft:worldgen/world_preset
[02:43:39] [Worker-Main-13/DEBUG] [REI] Processed 1 tags in 33.90 μs for minecraft:ancientscale_variant
[02:43:39] [Worker-Main-11/DEBUG] [REI] Processed 1 tags in 26.40 μs for minecraft:wrecker_variant
[02:43:39] [Worker-Main-1/DEBUG] [REI] Processed 0 tags in 8.800 μs for minecraft:dimension_type
[02:43:39] [Worker-Main-10/DEBUG] [REI] Processed 0 tags in 9.000 μs for minecraft:worldgen/flat_level_generator_preset
[02:43:39] [Worker-Main-6/DEBUG] [REI] Processed 76 tags in 858.4 μs for minecraft:entity_type
[02:43:39] [Worker-Main-4/DEBUG] [REI] Processed 3 tags in 64.60 μs for minecraft:point_of_interest_type[02:43:39] [Worker-Main-3/DEBUG] [REI] Processed 1 tags in 34.70 μs for minecraft:wildsplash_variant

[02:43:39] [Worker-Main-8/DEBUG] [REI] Processed 30 tags in 116.1 μs for minecraft:banner_pattern
[02:43:39] [Worker-Main-1/DEBUG] [REI] Processed 5 tags in 138.6 μs for minecraft:game_event
[02:43:39] [Worker-Main-5/DEBUG] [REI] Processed 1 tags in 27.30 μs for minecraft:islehopper_variant
[02:43:39] [Worker-Main-8/DEBUG] [REI] Processed 0 tags in 14.20 μs for minecraft:worldgen/structure_set
[02:43:39] [Worker-Main-8/DEBUG] [REI] Processed 1 tags in 37.90 μs for minecraft:devilfish_variant
[02:43:39] [Worker-Main-4/DEBUG] [REI] Processed 14 tags in 77.60 μs for minecraft:fluid
[02:43:39] [Worker-Main-9/DEBUG] [REI] Processed 0 tags in 163.5 μs for minecraft:worldgen/biome
[02:43:39] [Worker-Main-7/DEBUG] [REI] Processed 0 tags in 36.20 μs for minecraft:worldgen/structure
[02:43:40] [Worker-Main-3/DEBUG] [REI] Processed 2 tags in 36.30 μs for minecraft:mob_effect
[02:43:40] [Worker-Main-8/DEBUG] [REI] Processed 1 tags in 35.40 μs for minecraft:battlegill_variant
[02:43:40] [Worker-Main-14/DEBUG] [REI] Processed 1027 tags in 8.428 ms for minecraft:item
[02:43:40] [Worker-Main-13/DEBUG] [REI] Processed 667 tags in 6.428 ms for minecraft:block
[02:43:42] [main/DEBUG] [REI] ========================================
[02:43:42] [main/DEBUG] [REI] REIPlugin starting pre-reload for START.
[02:43:42] [main/DEBUG] [REI] Reloadables (7):
[02:43:42] [main/DEBUG] [REI]  - EntryTypeRegistryImpl
[02:43:42] [main/DEBUG] [REI]  - EntrySettingsAdapterRegistryImpl
[02:43:42] [main/DEBUG] [REI]  - RecipeManagerContextImpl
[02:43:42] [main/DEBUG] [REI]  - ItemComparatorRegistryImpl
[02:43:42] [main/DEBUG] [REI]  - FluidComparatorRegistryImpl
[02:43:42] [main/DEBUG] [REI]  - DisplaySerializerRegistryImpl
[02:43:42] [main/DEBUG] [REI]  - FluidSupportProviderImpl
[02:43:42] [main/DEBUG] [REI] Plugins (3):
[02:43:42] [main/DEBUG] [REI]  - (-100.00) DefaultPluginImpl of DefaultPluginImpl [roughlyenoughitems]
[02:43:42] [main/DEBUG] [REI]  - (0.00) DefaultRuntimePlugin of DefaultRuntimePlugin [roughlyenoughitems]
[02:43:42] [main/DEBUG] [REI]  - (0.00) AdornReiServerForge of AdornReiServerForge [adorn]
[02:43:42] [main/DEBUG] [REI] ========================================
[02:43:42] [main/TRACE] [REI] [REIPlugin START] Reloading Section: "pre-register/"
[02:43:42] [main/TRACE] [REI] [REIPlugin START] Reloading Section: "pre-register/DefaultPluginImpl of DefaultPluginImpl [roughlyenoughitems]/"
[02:43:42] [main/TRACE] [REI] [REIPlugin START] Reloading Section: "pre-register/DefaultPluginImpl of DefaultPluginImpl [roughlyenoughitems]/" done in 1.882 ms
[02:43:42] [main/TRACE] [REI] [REIPlugin START] Reloading Section: "pre-register/DefaultRuntimePlugin of DefaultRuntimePlugin [roughlyenoughitems]/"
[02:43:42] [main/TRACE] [REI] [REIPlugin START] Reloading Section: "pre-register/DefaultRuntimePlugin of DefaultRuntimePlugin [roughlyenoughitems]/" done in 12.30 μs
[02:43:42] [main/TRACE] [REI] [REIPlugin START] Reloading Section: "pre-register/AdornReiServerForge of AdornReiServerForge [adorn]/"
[02:43:42] [main/TRACE] [REI] [REIPlugin START] Reloading Section: "pre-register/AdornReiServerForge of AdornReiServerForge [adorn]/" done in 7.700 μs
[02:43:42] [main/TRACE] [REI] [REIPlugin START] Reloading Section: "pre-register/" done in 20.26 ms
[02:43:42] [main/TRACE] [REI] [REIPlugin START] Reloading Section: "pre-stage/"
[02:43:42] [main/TRACE] [REI] [REIPlugin START] Reloading Section: "pre-stage/EntryTypeRegistryImpl/"
[02:43:42] [main/TRACE] [REI] [REIPlugin START] Reloading Section: "pre-stage/EntryTypeRegistryImpl/" done in 438.2 μs
[02:43:42] [main/TRACE] [REI] [REIPlugin START] Reloading Section: "pre-stage/EntrySettingsAdapterRegistryImpl/"
[02:43:42] [main/TRACE] [REI] [REIPlugin START] Reloading Section: "pre-stage/EntrySettingsAdapterRegistryImpl/" done in 6.700 μs
[02:43:42] [main/TRACE] [REI] [REIPlugin START] Reloading Section: "pre-stage/RecipeManagerContextImpl/"
[02:43:42] [main/TRACE] [REI] [REIPlugin START] Reloading Section: "pre-stage/RecipeManagerContextImpl/" done in 5.100 μs
[02:43:42] [main/TRACE] [REI] [REIPlugin START] Reloading Section: "pre-stage/ItemComparatorRegistryImpl/"
[02:43:42] [main/TRACE] [REI] [REIPlugin START] Reloading Section: "pre-stage/ItemComparatorRegistryImpl/" done in 4.900 μs
[02:43:42] [main/TRACE] [REI] [REIPlugin START] Reloading Section: "pre-stage/FluidComparatorRegistryImpl/"
[02:43:42] [main/TRACE] [REI] [REIPlugin START] Reloading Section: "pre-stage/FluidComparatorRegistryImpl/" done in 4.800 μs
[02:43:42] [main/TRACE] [REI] [REIPlugin START] Reloading Section: "pre-stage/DisplaySerializerRegistryImpl/"
[02:43:42] [main/TRACE] [REI] [REIPlugin START] Reloading Section: "pre-stage/DisplaySerializerRegistryImpl/" done in 4.900 μs
[02:43:42] [main/TRACE] [REI] [REIPlugin START] Reloading Section: "pre-stage/FluidSupportProviderImpl/"
[02:43:42] [main/TRACE] [REI] [REIPlugin START] Reloading Section: "pre-stage/FluidSupportProviderImpl/" done in 4.700 μs
[02:43:42] [main/TRACE] [REI] [REIPlugin START] Reloading Section: "pre-stage/" done in 1.116 ms
[02:43:42] [main/DEBUG] [REI] ========================================
[02:43:42] [main/DEBUG] [REI] REIPlugin finished pre-reload for START in 28.23 ms.
[02:43:42] [main/DEBUG] [REI] ========================================
[02:43:42] [main/DEBUG] [REI] ========================================
[02:43:42] [main/DEBUG] [REI] REIServerPlugin starting pre-reload for START.
[02:43:42] [main/DEBUG] [REI] Reloadables (2):
[02:43:42] [main/DEBUG] [REI]  - MenuInfoRegistryImpl
[02:43:42] [main/DEBUG] [REI]  - SlotAccessorRegistryImpl
[02:43:42] [main/DEBUG] [REI] Plugins (3):
[02:43:42] [main/DEBUG] [REI]  - (-100.00) DefaultPluginImpl of DefaultPluginImpl [roughlyenoughitems]
[02:43:42] [main/DEBUG] [REI]  - (0.00) AdornReiServerForge of AdornReiServerForge [adorn]
[02:43:42] [main/DEBUG] [REI]  - (0.00) DefaultRuntimePlugin of DefaultRuntimePlugin [roughlyenoughitems]
[02:43:42] [main/DEBUG] [REI] ========================================
[02:43:42] [main/TRACE] [REI] [REIServerPlugin START] Reloading Section: "pre-register/"
[02:43:42] [main/TRACE] [REI] [REIServerPlugin START] Reloading Section: "pre-register/DefaultPluginImpl of DefaultPluginImpl [roughlyenoughitems]/"
[02:43:42] [main/TRACE] [REI] [REIServerPlugin START] Reloading Section: "pre-register/DefaultPluginImpl of DefaultPluginImpl [roughlyenoughitems]/" done in 26.90 μs
[02:43:42] [main/TRACE] [REI] [REIServerPlugin START] Reloading Section: "pre-register/AdornReiServerForge of AdornReiServerForge [adorn]/"
[02:43:42] [main/TRACE] [REI] [REIServerPlugin START] Reloading Section: "pre-register/AdornReiServerForge of AdornReiServerForge [adorn]/" done in 26.00 μs
[02:43:42] [main/TRACE] [REI] [REIServerPlugin START] Reloading Section: "pre-register/DefaultRuntimePlugin of DefaultRuntimePlugin [roughlyenoughitems]/"
[02:43:42] [main/TRACE] [REI] [REIServerPlugin START] Reloading Section: "pre-register/DefaultRuntimePlugin of DefaultRuntimePlugin [roughlyenoughitems]/" done in 7.100 μs
[02:43:42] [main/TRACE] [REI] [REIServerPlugin START] Reloading Section: "pre-register/" done in 329.2 μs
[02:43:42] [main/TRACE] [REI] [REIServerPlugin START] Reloading Section: "pre-stage/"
[02:43:42] [main/TRACE] [REI] [REIServerPlugin START] Reloading Section: "pre-stage/MenuInfoRegistryImpl/"
[02:43:42] [main/TRACE] [REI] [REIServerPlugin START] Reloading Section: "pre-stage/MenuInfoRegistryImpl/" done in 6.400 μs
[02:43:42] [main/TRACE] [REI] [REIServerPlugin START] Reloading Section: "pre-stage/SlotAccessorRegistryImpl/"
[02:43:42] [main/TRACE] [REI] [REIServerPlugin START] Reloading Section: "pre-stage/SlotAccessorRegistryImpl/" done in 5.200 μs
[02:43:42] [main/TRACE] [REI] [REIServerPlugin START] Reloading Section: "pre-stage/" done in 162.9 μs
[02:43:42] [main/DEBUG] [REI] ========================================
[02:43:42] [main/DEBUG] [REI] REIServerPlugin finished pre-reload for START in 635.5 μs.
[02:43:42] [main/DEBUG] [REI] ========================================
[02:43:42] [main/INFO] [REI] ++++++++++++++++++++++++++++++++++++++++
[02:43:42] [main/INFO] [REI] REIPlugin starting main-reload for START.
[02:43:42] [main/DEBUG] [REI] Reloadables (7):
[02:43:42] [main/DEBUG] [REI]  - EntryTypeRegistryImpl
[02:43:42] [main/DEBUG] [REI]  - EntrySettingsAdapterRegistryImpl
[02:43:42] [main/DEBUG] [REI]  - RecipeManagerContextImpl
[02:43:42] [main/DEBUG] [REI]  - ItemComparatorRegistryImpl
[02:43:42] [main/DEBUG] [REI]  - FluidComparatorRegistryImpl
[02:43:42] [main/DEBUG] [REI]  - DisplaySerializerRegistryImpl
[02:43:42] [main/DEBUG] [REI]  - FluidSupportProviderImpl
[02:43:42] [main/INFO] [REI] Plugins (3):
[02:43:42] [main/INFO] [REI]  - (-100.00) DefaultPluginImpl of DefaultPluginImpl [roughlyenoughitems]
[02:43:42] [main/INFO] [REI]  - (0.00) DefaultRuntimePlugin of DefaultRuntimePlugin [roughlyenoughitems]
[02:43:42] [main/INFO] [REI]  - (0.00) AdornReiServerForge of AdornReiServerForge [adorn]
[02:43:42] [main/INFO] [REI] ++++++++++++++++++++++++++++++++++++++++
[02:43:42] [main/TRACE] [REI] [REIPlugin START] Reloading Section: "start-reload/"
[02:43:42] [main/TRACE] [REI] [REIPlugin START] Reloading Section: "start-reload/EntryTypeRegistryImpl/"
[02:43:42] [main/TRACE] [REI] [REIPlugin START] Reloading Section: "start-reload/EntryTypeRegistryImpl/" done in 50.30 μs
[02:43:42] [main/TRACE] [REI] [REIPlugin START] Reloading Section: "start-reload/EntrySettingsAdapterRegistryImpl/"
[02:43:42] [main/TRACE] [REI] [REIPlugin START] Reloading Section: "start-reload/EntrySettingsAdapterRegistryImpl/" done in 20.90 μs
[02:43:42] [main/TRACE] [REI] [REIPlugin START] Reloading Section: "start-reload/RecipeManagerContextImpl/"
[02:43:42] [main/TRACE] [REI] [REIPlugin START] Reloading Section: "start-reload/RecipeManagerContextImpl/" done in 7.600 μs
[02:43:42] [main/TRACE] [REI] [REIPlugin START] Reloading Section: "start-reload/ItemComparatorRegistryImpl/"
[02:43:42] [main/TRACE] [REI] [REIPlugin START] Reloading Section: "start-reload/ItemComparatorRegistryImpl/" done in 33.40 μs
[02:43:42] [main/TRACE] [REI] [REIPlugin START] Reloading Section: "start-reload/FluidComparatorRegistryImpl/"
[02:43:42] [main/TRACE] [REI] [REIPlugin START] Reloading Section: "start-reload/FluidComparatorRegistryImpl/" done in 8.200 μs
[02:43:42] [main/TRACE] [REI] [REIPlugin START] Reloading Section: "start-reload/DisplaySerializerRegistryImpl/"
[02:43:42] [main/TRACE] [REI] [REIPlugin START] Reloading Section: "start-reload/DisplaySerializerRegistryImpl/" done in 5.400 μs
[02:43:42] [main/TRACE] [REI] [REIPlugin START] Reloading Section: "start-reload/FluidSupportProviderImpl/"
[02:43:42] [main/TRACE] [REI] [REIPlugin START] Reloading Section: "start-reload/FluidSupportProviderImpl/" done in 17.60 μs
[02:43:42] [main/TRACE] [REI] [REIPlugin START] Reloading Section: "start-reload/" done in 946.2 μs
[02:43:42] [main/DEBUG] [REI] ========================================
[02:43:42] [main/DEBUG] [REI] REIPlugin started main-reload for START.
[02:43:42] [main/DEBUG] [REI] ========================================
[02:43:42] [main/TRACE] [REI] [REIPlugin START] Reloading Section: "reloadable-plugin/EntryTypeRegistryImpl/"
[02:43:42] [main/TRACE] [REI] [REIPlugin START] Reloading Section: "reloadable-plugin/EntryTypeRegistryImpl/DefaultPluginImpl of DefaultPluginImpl [roughlyenoughitems]/"
[02:43:42] [main/TRACE] [REI] [REIPlugin START] Reloading Section: "reloadable-plugin/EntryTypeRegistryImpl/DefaultPluginImpl of DefaultPluginImpl [roughlyenoughitems]/" done in 313.1 μs
[02:43:42] [main/TRACE] [REI] [REIPlugin START] Reloading Section: "reloadable-plugin/EntryTypeRegistryImpl/DefaultRuntimePlugin of DefaultRuntimePlugin [roughlyenoughitems]/"
[02:43:42] [main/TRACE] [REI] [REIPlugin START] Reloading Section: "reloadable-plugin/EntryTypeRegistryImpl/DefaultRuntimePlugin of DefaultRuntimePlugin [roughlyenoughitems]/" done in 16.96 ms
[02:43:42] [main/TRACE] [REI] [REIPlugin START] Reloading Section: "reloadable-plugin/EntryTypeRegistryImpl/AdornReiServerForge of AdornReiServerForge [adorn]/"
[02:43:42] [main/TRACE] [REI] [REIPlugin START] Reloading Section: "reloadable-plugin/EntryTypeRegistryImpl/AdornReiServerForge of AdornReiServerForge [adorn]/" done in 19.00 μs
[02:43:42] [main/TRACE] [REI] [REIPlugin START] Reloading Section: "reloadable-plugin/EntryTypeRegistryImpl/" done in 18.32 ms
[02:43:42] [main/TRACE] [REI] [REIPlugin START] Reloading Section: "reloadable-plugin/EntrySettingsAdapterRegistryImpl/"
[02:43:42] [main/TRACE] [REI] [REIPlugin START] Reloading Section: "reloadable-plugin/EntrySettingsAdapterRegistryImpl/DefaultPluginImpl of DefaultPluginImpl [roughlyenoughitems]/"
[02:43:42] [main/TRACE] [REI] [REIPlugin START] Reloading Section: "reloadable-plugin/EntrySettingsAdapterRegistryImpl/DefaultPluginImpl of DefaultPluginImpl [roughlyenoughitems]/" done in 9.500 μs
[02:43:42] [main/TRACE] [REI] [REIPlugin START] Reloading Section: "reloadable-plugin/EntrySettingsAdapterRegistryImpl/DefaultRuntimePlugin of DefaultRuntimePlugin [roughlyenoughitems]/"
[02:43:42] [main/TRACE] [REI] [REIPlugin START] Reloading Section: "reloadable-plugin/EntrySettingsAdapterRegistryImpl/DefaultRuntimePlugin of DefaultRuntimePlugin [roughlyenoughitems]/" done in 12.40 μs
[02:43:42] [main/TRACE] [REI] [REIPlugin START] Reloading Section: "reloadable-plugin/EntrySettingsAdapterRegistryImpl/AdornReiServerForge of AdornReiServerForge [adorn]/"
[02:43:42] [main/TRACE] [REI] [REIPlugin START] Reloading Section: "reloadable-plugin/EntrySettingsAdapterRegistryImpl/AdornReiServerForge of AdornReiServerForge [adorn]/" done in 9.300 μs
[02:43:42] [main/TRACE] [REI] [REIPlugin START] Reloading Section: "reloadable-plugin/EntrySettingsAdapterRegistryImpl/" done in 338.1 μs
[02:43:42] [main/TRACE] [REI] [REIPlugin START] Reloading Section: "reloadable-plugin/RecipeManagerContextImpl/"
[02:43:42] [main/TRACE] [REI] [REIPlugin START] Reloading Section: "reloadable-plugin/RecipeManagerContextImpl/DefaultPluginImpl of DefaultPluginImpl [roughlyenoughitems]/"
[02:43:42] [main/TRACE] [REI] [REIPlugin START] Reloading Section: "reloadable-plugin/RecipeManagerContextImpl/DefaultPluginImpl of DefaultPluginImpl [roughlyenoughitems]/" done in 9.200 μs
[02:43:42] [main/TRACE] [REI] [REIPlugin START] Reloading Section: "reloadable-plugin/RecipeManagerContextImpl/DefaultRuntimePlugin of DefaultRuntimePlugin [roughlyenoughitems]/"
[02:43:42] [main/TRACE] [REI] [REIPlugin START] Reloading Section: "reloadable-plugin/RecipeManagerContextImpl/DefaultRuntimePlugin of DefaultRuntimePlugin [roughlyenoughitems]/" done in 8.900 μs
[02:43:42] [main/TRACE] [REI] [REIPlugin START] Reloading Section: "reloadable-plugin/RecipeManagerContextImpl/AdornReiServerForge of AdornReiServerForge [adorn]/"
[02:43:42] [main/TRACE] [REI] [REIPlugin START] Reloading Section: "reloadable-plugin/RecipeManagerContextImpl/AdornReiServerForge of AdornReiServerForge [adorn]/" done in 8.600 μs
[02:43:42] [main/TRACE] [REI] [REIPlugin START] Reloading Section: "reloadable-plugin/RecipeManagerContextImpl/" done in 283.3 μs
[02:43:42] [main/TRACE] [REI] [REIPlugin START] Reloading Section: "reloadable-plugin/ItemComparatorRegistryImpl/"
[02:43:42] [main/TRACE] [REI] [REIPlugin START] Reloading Section: "reloadable-plugin/ItemComparatorRegistryImpl/DefaultPluginImpl of DefaultPluginImpl [roughlyenoughitems]/"
[02:43:42] [main/TRACE] [REI] [REIPlugin START] Reloading Section: "reloadable-plugin/ItemComparatorRegistryImpl/DefaultPluginImpl of DefaultPluginImpl [roughlyenoughitems]/" done in 1.972 ms
[02:43:42] [main/TRACE] [REI] [REIPlugin START] Reloading Section: "reloadable-plugin/ItemComparatorRegistryImpl/DefaultRuntimePlugin of DefaultRuntimePlugin [roughlyenoughitems]/"
[02:43:42] [main/TRACE] [REI] [REIPlugin START] Reloading Section: "reloadable-plugin/ItemComparatorRegistryImpl/DefaultRuntimePlugin of DefaultRuntimePlugin [roughlyenoughitems]/" done in 32.00 μs
[02:43:42] [main/TRACE] [REI] [REIPlugin START] Reloading Section: "reloadable-plugin/ItemComparatorRegistryImpl/AdornReiServerForge of AdornReiServerForge [adorn]/"
[02:43:42] [main/TRACE] [REI] [REIPlugin START] Reloading Section: "reloadable-plugin/ItemComparatorRegistryImpl/AdornReiServerForge of AdornReiServerForge [adorn]/" done in 24.50 μs
[02:43:42] [main/TRACE] [REI] [REIPlugin START] Reloading Section: "reloadable-plugin/ItemComparatorRegistryImpl/" done in 2.796 ms
[02:43:42] [main/TRACE] [REI] [REIPlugin START] Reloading Section: "reloadable-plugin/FluidComparatorRegistryImpl/"
[02:43:42] [main/TRACE] [REI] [REIPlugin START] Reloading Section: "reloadable-plugin/FluidComparatorRegistryImpl/DefaultPluginImpl of DefaultPluginImpl [roughlyenoughitems]/"
[02:43:42] [main/TRACE] [REI] [REIPlugin START] Reloading Section: "reloadable-plugin/FluidComparatorRegistryImpl/DefaultPluginImpl of DefaultPluginImpl [roughlyenoughitems]/" done in 81.70 μs
[02:43:42] [main/TRACE] [REI] [REIPlugin START] Reloading Section: "reloadable-plugin/FluidComparatorRegistryImpl/DefaultRuntimePlugin of DefaultRuntimePlugin [roughlyenoughitems]/"
[02:43:42] [main/TRACE] [REI] [REIPlugin START] Reloading Section: "reloadable-plugin/FluidComparatorRegistryImpl/DefaultRuntimePlugin of DefaultRuntimePlugin [roughlyenoughitems]/" done in 17.50 μs
[02:43:42] [main/TRACE] [REI] [REIPlugin START] Reloading Section: "reloadable-plugin/FluidComparatorRegistryImpl/AdornReiServerForge of AdornReiServerForge [adorn]/"
[02:43:42] [main/TRACE] [REI] [REIPlugin START] Reloading Section: "reloadable-plugin/FluidComparatorRegistryImpl/AdornReiServerForge of AdornReiServerForge [adorn]/" done in 14.00 μs
[02:43:42] [main/TRACE] [REI] [REIPlugin START] Reloading Section: "reloadable-plugin/FluidComparatorRegistryImpl/" done in 614.6 μs
[02:43:42] [main/TRACE] [REI] [REIPlugin START] Reloading Section: "reloadable-plugin/DisplaySerializerRegistryImpl/"
[02:43:42] [main/TRACE] [REI] [REIPlugin START] Reloading Section: "reloadable-plugin/DisplaySerializerRegistryImpl/DefaultPluginImpl of DefaultPluginImpl [roughlyenoughitems]/"
[02:43:42] [main/TRACE] [REI] [REIPlugin START] Reloading Section: "reloadable-plugin/DisplaySerializerRegistryImpl/DefaultPluginImpl of DefaultPluginImpl [roughlyenoughitems]/" done in 12.20 μs
[02:43:42] [main/TRACE] [REI] [REIPlugin START] Reloading Section: "reloadable-plugin/DisplaySerializerRegistryImpl/DefaultRuntimePlugin of DefaultRuntimePlugin [roughlyenoughitems]/"
[02:43:42] [main/TRACE] [REI] [REIPlugin START] Reloading Section: "reloadable-plugin/DisplaySerializerRegistryImpl/DefaultRuntimePlugin of DefaultRuntimePlugin [roughlyenoughitems]/" done in 12.60 μs
[02:43:42] [main/TRACE] [REI] [REIPlugin START] Reloading Section: "reloadable-plugin/DisplaySerializerRegistryImpl/AdornReiServerForge of AdornReiServerForge [adorn]/"
[02:43:42] [main/TRACE] [REI] [REIPlugin START] Reloading Section: "reloadable-plugin/DisplaySerializerRegistryImpl/AdornReiServerForge of AdornReiServerForge [adorn]/" done in 12.10 μs
[02:43:42] [main/TRACE] [REI] [REIPlugin START] Reloading Section: "reloadable-plugin/DisplaySerializerRegistryImpl/" done in 391.1 μs
[02:43:42] [main/TRACE] [REI] [REIPlugin START] Reloading Section: "reloadable-plugin/FluidSupportProviderImpl/"
[02:43:42] [main/TRACE] [REI] [REIPlugin START] Reloading Section: "reloadable-plugin/FluidSupportProviderImpl/DefaultPluginImpl of DefaultPluginImpl [roughlyenoughitems]/"
[02:43:42] [main/TRACE] [REI] [REIPlugin START] Reloading Section: "reloadable-plugin/FluidSupportProviderImpl/DefaultPluginImpl of DefaultPluginImpl [roughlyenoughitems]/" done in 1.381 ms
[02:43:42] [main/TRACE] [REI] [REIPlugin START] Reloading Section: "reloadable-plugin/FluidSupportProviderImpl/DefaultRuntimePlugin of DefaultRuntimePlugin [roughlyenoughitems]/"
[02:43:42] [main/TRACE] [REI] [REIPlugin START] Reloading Section: "reloadable-plugin/FluidSupportProviderImpl/DefaultRuntimePlugin of DefaultRuntimePlugin [roughlyenoughitems]/" done in 22.40 μs
[02:43:42] [main/TRACE] [REI] [REIPlugin START] Reloading Section: "reloadable-plugin/FluidSupportProviderImpl/AdornReiServerForge of AdornReiServerForge [adorn]/"
[02:43:42] [main/TRACE] [REI] [REIPlugin START] Reloading Section: "reloadable-plugin/FluidSupportProviderImpl/AdornReiServerForge of AdornReiServerForge [adorn]/" done in 13.60 μs
[02:43:42] [main/TRACE] [REI] [REIPlugin START] Reloading Section: "reloadable-plugin/FluidSupportProviderImpl/" done in 1.891 ms
[02:43:42] [main/DEBUG] [REI] ========================================
[02:43:42] [main/DEBUG] [REI] REIPlugin ending main-reload for START.
[02:43:42] [main/DEBUG] [REI] ========================================
[02:43:42] [main/TRACE] [REI] [REIPlugin START] Reloading Section: "end-reload/"
[02:43:42] [main/TRACE] [REI] [REIPlugin START] Reloading Section: "end-reload/EntryTypeRegistryImpl/"
[02:43:42] [main/TRACE] [REI] [REIPlugin START] Reloading Section: "end-reload/EntryTypeRegistryImpl/" done in 22.20 μs
[02:43:42] [main/TRACE] [REI] [REIPlugin START] Reloading Section: "end-reload/EntrySettingsAdapterRegistryImpl/"
[02:43:42] [main/TRACE] [REI] [REIPlugin START] Reloading Section: "end-reload/EntrySettingsAdapterRegistryImpl/" done in 5.200 μs
[02:43:42] [main/TRACE] [REI] [REIPlugin START] Reloading Section: "end-reload/RecipeManagerContextImpl/"
[02:43:42] [main/TRACE] [REI] [REIPlugin START] Reloading Section: "end-reload/RecipeManagerContextImpl/" done in 6.000 μs
[02:43:42] [main/TRACE] [REI] [REIPlugin START] Reloading Section: "end-reload/ItemComparatorRegistryImpl/"
[02:43:42] [main/TRACE] [REI] [REIPlugin START] Reloading Section: "end-reload/ItemComparatorRegistryImpl/" done in 5.000 μs
[02:43:42] [main/TRACE] [REI] [REIPlugin START] Reloading Section: "end-reload/FluidComparatorRegistryImpl/"
[02:43:42] [main/TRACE] [REI] [REIPlugin START] Reloading Section: "end-reload/FluidComparatorRegistryImpl/" done in 5.300 μs
[02:43:42] [main/TRACE] [REI] [REIPlugin START] Reloading Section: "end-reload/DisplaySerializerRegistryImpl/"
[02:43:42] [main/TRACE] [REI] [REIPlugin START] Reloading Section: "end-reload/DisplaySerializerRegistryImpl/" done in 4.700 μs
[02:43:42] [main/TRACE] [REI] [REIPlugin START] Reloading Section: "end-reload/FluidSupportProviderImpl/"
[02:43:42] [main/TRACE] [REI] [REIPlugin START] Reloading Section: "end-reload/FluidSupportProviderImpl/" done in 4.400 μs
[02:43:42] [main/TRACE] [REI] [REIPlugin START] Reloading Section: "end-reload/" done in 599.0 μs
[02:43:42] [main/DEBUG] [REI] ========================================
[02:43:42] [main/DEBUG] [REI] REIPlugin ended main-reload for START in 30.85 ms.
[02:43:42] [main/DEBUG] [REI] ========================================
[02:43:42] [main/INFO] [REI] ----------------------------------------
[02:43:42] [main/INFO] [REI] REIServerPlugin starting main-reload for START.
[02:43:42] [main/DEBUG] [REI] Reloadables (2):
[02:43:42] [main/DEBUG] [REI]  - MenuInfoRegistryImpl
[02:43:42] [main/DEBUG] [REI]  - SlotAccessorRegistryImpl
[02:43:42] [main/INFO] [REI] Plugins (3):
[02:43:42] [main/INFO] [REI]  - (-100.00) DefaultPluginImpl of DefaultPluginImpl [roughlyenoughitems]
[02:43:42] [main/INFO] [REI]  - (0.00) AdornReiServerForge of AdornReiServerForge [adorn]
[02:43:42] [main/INFO] [REI]  - (0.00) DefaultRuntimePlugin of DefaultRuntimePlugin [roughlyenoughitems]
[02:43:42] [main/INFO] [REI] ----------------------------------------
[02:43:42] [main/TRACE] [REI] [REIServerPlugin START] Reloading Section: "start-reload/"
[02:43:42] [main/TRACE] [REI] [REIServerPlugin START] Reloading Section: "start-reload/MenuInfoRegistryImpl/"
[02:43:42] [main/TRACE] [REI] [REIServerPlugin START] Reloading Section: "start-reload/MenuInfoRegistryImpl/" done in 17.90 μs
[02:43:42] [main/TRACE] [REI] [REIServerPlugin START] Reloading Section: "start-reload/SlotAccessorRegistryImpl/"
[02:43:42] [main/TRACE] [REI] [REIServerPlugin START] Reloading Section: "start-reload/SlotAccessorRegistryImpl/" done in 7.700 μs
[02:43:42] [main/TRACE] [REI] [REIServerPlugin START] Reloading Section: "start-reload/" done in 342.8 μs
[02:43:42] [main/DEBUG] [REI] ========================================
[02:43:42] [main/DEBUG] [REI] REIServerPlugin started main-reload for START.
[02:43:42] [main/DEBUG] [REI] ========================================
[02:43:42] [main/TRACE] [REI] [REIServerPlugin START] Reloading Section: "reloadable-plugin/MenuInfoRegistryImpl/"
[02:43:42] [main/TRACE] [REI] [REIServerPlugin START] Reloading Section: "reloadable-plugin/MenuInfoRegistryImpl/DefaultPluginImpl of DefaultPluginImpl [roughlyenoughitems]/"
[02:43:42] [main/TRACE] [REI] [REIServerPlugin START] Reloading Section: "reloadable-plugin/MenuInfoRegistryImpl/DefaultPluginImpl of DefaultPluginImpl [roughlyenoughitems]/" done in 14.80 μs
[02:43:42] [main/TRACE] [REI] [REIServerPlugin START] Reloading Section: "reloadable-plugin/MenuInfoRegistryImpl/AdornReiServerForge of AdornReiServerForge [adorn]/"
[02:43:42] [main/TRACE] [REI] [REIServerPlugin START] Reloading Section: "reloadable-plugin/MenuInfoRegistryImpl/AdornReiServerForge of AdornReiServerForge [adorn]/" done in 12.60 μs
[02:43:42] [main/TRACE] [REI] [REIServerPlugin START] Reloading Section: "reloadable-plugin/MenuInfoRegistryImpl/DefaultRuntimePlugin of DefaultRuntimePlugin [roughlyenoughitems]/"
[02:43:42] [main/TRACE] [REI] [REIServerPlugin START] Reloading Section: "reloadable-plugin/MenuInfoRegistryImpl/DefaultRuntimePlugin of DefaultRuntimePlugin [roughlyenoughitems]/" done in 9.300 μs
[02:43:42] [main/TRACE] [REI] [REIServerPlugin START] Reloading Section: "reloadable-plugin/MenuInfoRegistryImpl/" done in 456.8 μs
[02:43:42] [main/TRACE] [REI] [REIServerPlugin START] Reloading Section: "reloadable-plugin/SlotAccessorRegistryImpl/"
[02:43:42] [main/TRACE] [REI] [REIServerPlugin START] Reloading Section: "reloadable-plugin/SlotAccessorRegistryImpl/DefaultPluginImpl of DefaultPluginImpl [roughlyenoughitems]/"
[02:43:42] [main/TRACE] [REI] [REIServerPlugin START] Reloading Section: "reloadable-plugin/SlotAccessorRegistryImpl/DefaultPluginImpl of DefaultPluginImpl [roughlyenoughitems]/" done in 13.50 μs
[02:43:42] [main/TRACE] [REI] [REIServerPlugin START] Reloading Section: "reloadable-plugin/SlotAccessorRegistryImpl/AdornReiServerForge of AdornReiServerForge [adorn]/"
[02:43:42] [main/TRACE] [REI] [REIServerPlugin START] Reloading Section: "reloadable-plugin/SlotAccessorRegistryImpl/AdornReiServerForge of AdornReiServerForge [adorn]/" done in 11.70 μs
[02:43:42] [main/TRACE] [REI] [REIServerPlugin START] Reloading Section: "reloadable-plugin/SlotAccessorRegistryImpl/DefaultRuntimePlugin of DefaultRuntimePlugin [roughlyenoughitems]/"
[02:43:42] [main/TRACE] [REI] [REIServerPlugin START] Reloading Section: "reloadable-plugin/SlotAccessorRegistryImpl/DefaultRuntimePlugin of DefaultRuntimePlugin [roughlyenoughitems]/" done in 10.20 μs
[02:43:42] [main/TRACE] [REI] [REIServerPlugin START] Reloading Section: "reloadable-plugin/SlotAccessorRegistryImpl/" done in 355.7 μs
[02:43:42] [main/DEBUG] [REI] ========================================
[02:43:42] [main/DEBUG] [REI] REIServerPlugin ending main-reload for START.
[02:43:42] [main/DEBUG] [REI] ========================================
[02:43:42] [main/TRACE] [REI] [REIServerPlugin START] Reloading Section: "end-reload/"
[02:43:42] [main/TRACE] [REI] [REIServerPlugin START] Reloading Section: "end-reload/MenuInfoRegistryImpl/"
[02:43:42] [main/TRACE] [REI] [REIServerPlugin START] Reloading Section: "end-reload/MenuInfoRegistryImpl/" done in 7.900 μs
[02:43:42] [main/TRACE] [REI] [REIServerPlugin START] Reloading Section: "end-reload/SlotAccessorRegistryImpl/"
[02:43:42] [main/TRACE] [REI] [REIServerPlugin START] Reloading Section: "end-reload/SlotAccessorRegistryImpl/" done in 8.800 μs
[02:43:42] [main/TRACE] [REI] [REIServerPlugin START] Reloading Section: "end-reload/" done in 319.4 μs
[02:43:42] [main/DEBUG] [REI] ========================================
[02:43:42] [main/DEBUG] [REI] REIServerPlugin ended main-reload for START in 5.514 ms.
[02:43:42] [main/DEBUG] [REI] ========================================
[02:43:42] [main/DEBUG] [REI] ========================================
[02:43:42] [main/DEBUG] [REI] REIPlugin starting post-reload for START.
[02:43:42] [main/DEBUG] [REI] Reloadables (7):
[02:43:42] [main/DEBUG] [REI]  - EntryTypeRegistryImpl
[02:43:42] [main/DEBUG] [REI]  - EntrySettingsAdapterRegistryImpl
[02:43:42] [main/DEBUG] [REI]  - RecipeManagerContextImpl
[02:43:42] [main/DEBUG] [REI]  - ItemComparatorRegistryImpl
[02:43:42] [main/DEBUG] [REI]  - FluidComparatorRegistryImpl
[02:43:42] [main/DEBUG] [REI]  - DisplaySerializerRegistryImpl
[02:43:42] [main/DEBUG] [REI]  - FluidSupportProviderImpl
[02:43:42] [main/DEBUG] [REI] Plugins (3):
[02:43:42] [main/DEBUG] [REI]  - (-100.00) DefaultPluginImpl of DefaultPluginImpl [roughlyenoughitems]
[02:43:42] [main/DEBUG] [REI]  - (0.00) DefaultRuntimePlugin of DefaultRuntimePlugin [roughlyenoughitems]
[02:43:42] [main/DEBUG] [REI]  - (0.00) AdornReiServerForge of AdornReiServerForge [adorn]
[02:43:42] [main/DEBUG] [REI] ========================================
[02:43:42] [main/TRACE] [REI] [REIPlugin START] Reloading Section: "post-register/"
[02:43:42] [main/TRACE] [REI] [REIPlugin START] Reloading Section: "post-register/DefaultPluginImpl of DefaultPluginImpl [roughlyenoughitems]/"
[02:43:42] [main/TRACE] [REI] [REIPlugin START] Reloading Section: "post-register/DefaultPluginImpl of DefaultPluginImpl [roughlyenoughitems]/" done in 248.4 μs
[02:43:42] [main/TRACE] [REI] [REIPlugin START] Reloading Section: "post-register/DefaultRuntimePlugin of DefaultRuntimePlugin [roughlyenoughitems]/"
[02:43:42] [main/TRACE] [REI] [REIPlugin START] Reloading Section: "post-register/DefaultRuntimePlugin of DefaultRuntimePlugin [roughlyenoughitems]/" done in 10.00 μs
[02:43:42] [main/TRACE] [REI] [REIPlugin START] Reloading Section: "post-register/AdornReiServerForge of AdornReiServerForge [adorn]/"
[02:43:42] [main/TRACE] [REI] [REIPlugin START] Reloading Section: "post-register/AdornReiServerForge of AdornReiServerForge [adorn]/" done in 9.200 μs
[02:43:42] [main/TRACE] [REI] [REIPlugin START] Reloading Section: "post-register/" done in 798.9 μs
[02:43:42] [main/TRACE] [REI] [REIPlugin START] Reloading Section: "post-stage/"
[02:43:42] [main/TRACE] [REI] [REIPlugin START] Reloading Section: "post-stage/EntryTypeRegistryImpl/"
[02:43:42] [main/TRACE] [REI] [REIPlugin START] Reloading Section: "post-stage/EntryTypeRegistryImpl/" done in 17.60 μs
[02:43:42] [main/TRACE] [REI] [REIPlugin START] Reloading Section: "post-stage/EntrySettingsAdapterRegistryImpl/"
[02:43:42] [main/TRACE] [REI] [REIPlugin START] Reloading Section: "post-stage/EntrySettingsAdapterRegistryImpl/" done in 6.000 μs
[02:43:42] [main/TRACE] [REI] [REIPlugin START] Reloading Section: "post-stage/RecipeManagerContextImpl/"
[02:43:42] [main/TRACE] [REI] [REIPlugin START] Reloading Section: "post-stage/RecipeManagerContextImpl/" done in 5.600 μs
[02:43:42] [main/TRACE] [REI] [REIPlugin START] Reloading Section: "post-stage/ItemComparatorRegistryImpl/"
[02:43:42] [main/TRACE] [REI] [REIPlugin START] Reloading Section: "post-stage/ItemComparatorRegistryImpl/" done in 5.600 μs
[02:43:42] [main/TRACE] [REI] [REIPlugin START] Reloading Section: "post-stage/FluidComparatorRegistryImpl/"
[02:43:42] [main/TRACE] [REI] [REIPlugin START] Reloading Section: "post-stage/FluidComparatorRegistryImpl/" done in 5.500 μs
[02:43:42] [main/TRACE] [REI] [REIPlugin START] Reloading Section: "post-stage/DisplaySerializerRegistryImpl/"
[02:43:42] [main/TRACE] [REI] [REIPlugin START] Reloading Section: "post-stage/DisplaySerializerRegistryImpl/" done in 6.200 μs
[02:43:42] [main/TRACE] [REI] [REIPlugin START] Reloading Section: "post-stage/FluidSupportProviderImpl/"
[02:43:42] [main/TRACE] [REI] [REIPlugin START] Reloading Section: "post-stage/FluidSupportProviderImpl/" done in 4.900 μs
[02:43:42] [main/TRACE] [REI] [REIPlugin START] Reloading Section: "post-stage/" done in 725.2 μs
[02:43:42] [main/DEBUG] [REI] ========================================
[02:43:42] [main/INFO] [REI] REIPlugin finished post-reload for START in 1.679 ms, totaling 60.74 ms.
[02:43:42] [main/DEBUG] [REI] ========================================
[02:43:42] [main/DEBUG] [REI] ========================================
[02:43:42] [main/DEBUG] [REI] REIServerPlugin starting post-reload for START.
[02:43:42] [main/DEBUG] [REI] Reloadables (2):
[02:43:42] [main/DEBUG] [REI]  - MenuInfoRegistryImpl
[02:43:42] [main/DEBUG] [REI]  - SlotAccessorRegistryImpl
[02:43:42] [main/DEBUG] [REI] Plugins (3):
[02:43:42] [main/DEBUG] [REI]  - (-100.00) DefaultPluginImpl of DefaultPluginImpl [roughlyenoughitems]
[02:43:42] [main/DEBUG] [REI]  - (0.00) AdornReiServerForge of AdornReiServerForge [adorn]
[02:43:42] [main/DEBUG] [REI]  - (0.00) DefaultRuntimePlugin of DefaultRuntimePlugin [roughlyenoughitems]
[02:43:42] [main/DEBUG] [REI] ========================================
[02:43:42] [main/TRACE] [REI] [REIServerPlugin START] Reloading Section: "post-register/"
[02:43:42] [main/TRACE] [REI] [REIServerPlugin START] Reloading Section: "post-register/DefaultPluginImpl of DefaultPluginImpl [roughlyenoughitems]/"
[02:43:42] [main/TRACE] [REI] [REIServerPlugin START] Reloading Section: "post-register/DefaultPluginImpl of DefaultPluginImpl [roughlyenoughitems]/" done in 17.60 μs
[02:43:42] [main/TRACE] [REI] [REIServerPlugin START] Reloading Section: "post-register/AdornReiServerForge of AdornReiServerForge [adorn]/"
[02:43:42] [main/TRACE] [REI] [REIServerPlugin START] Reloading Section: "post-register/AdornReiServerForge of AdornReiServerForge [adorn]/" done in 11.90 μs
[02:43:42] [main/TRACE] [REI] [REIServerPlugin START] Reloading Section: "post-register/DefaultRuntimePlugin of DefaultRuntimePlugin [roughlyenoughitems]/"
[02:43:42] [main/TRACE] [REI] [REIServerPlugin START] Reloading Section: "post-register/DefaultRuntimePlugin of DefaultRuntimePlugin [roughlyenoughitems]/" done in 11.00 μs
[02:43:42] [main/TRACE] [REI] [REIServerPlugin START] Reloading Section: "post-register/" done in 411.5 μs
[02:43:42] [main/TRACE] [REI] [REIServerPlugin START] Reloading Section: "post-stage/"
[02:43:42] [main/TRACE] [REI] [REIServerPlugin START] Reloading Section: "post-stage/MenuInfoRegistryImpl/"
[02:43:42] [main/TRACE] [REI] [REIServerPlugin START] Reloading Section: "post-stage/MenuInfoRegistryImpl/" done in 7.300 μs
[02:43:42] [main/TRACE] [REI] [REIServerPlugin START] Reloading Section: "post-stage/SlotAccessorRegistryImpl/"
[02:43:42] [main/TRACE] [REI] [REIServerPlugin START] Reloading Section: "post-stage/SlotAccessorRegistryImpl/" done in 5.200 μs
[02:43:42] [main/TRACE] [REI] [REIServerPlugin START] Reloading Section: "post-stage/" done in 163.5 μs
[02:43:42] [main/DEBUG] [REI] ========================================
[02:43:42] [main/INFO] [REI] REIServerPlugin finished post-reload for START in 737.9 μs, totaling 6.840 ms.
[02:43:42] [main/DEBUG] [REI] ========================================
[02:43:42] [main/DEBUG] [REI] ========================================
[02:43:42] [main/DEBUG] [REI] REIPlugin starting pre-reload for END.
[02:43:42] [main/DEBUG] [REI] Reloadables (7):
[02:43:42] [main/DEBUG] [REI]  - EntryTypeRegistryImpl
[02:43:42] [main/DEBUG] [REI]  - EntrySettingsAdapterRegistryImpl
[02:43:42] [main/DEBUG] [REI]  - RecipeManagerContextImpl
[02:43:42] [main/DEBUG] [REI]  - ItemComparatorRegistryImpl
[02:43:42] [main/DEBUG] [REI]  - FluidComparatorRegistryImpl
[02:43:42] [main/DEBUG] [REI]  - DisplaySerializerRegistryImpl
[02:43:42] [main/DEBUG] [REI]  - FluidSupportProviderImpl
[02:43:42] [main/DEBUG] [REI] Plugins (3):
[02:43:42] [main/DEBUG] [REI]  - (-100.00) DefaultPluginImpl of DefaultPluginImpl [roughlyenoughitems]
[02:43:42] [main/DEBUG] [REI]  - (0.00) DefaultRuntimePlugin of DefaultRuntimePlugin [roughlyenoughitems]
[02:43:42] [main/DEBUG] [REI]  - (0.00) AdornReiServerForge of AdornReiServerForge [adorn]
[02:43:42] [main/DEBUG] [REI] ========================================
[02:43:42] [main/TRACE] [REI] [REIPlugin END] Reloading Section: "pre-register/"
[02:43:42] [main/TRACE] [REI] [REIPlugin END] Reloading Section: "pre-register/DefaultPluginImpl of DefaultPluginImpl [roughlyenoughitems]/"
[02:43:42] [main/TRACE] [REI] [REIPlugin END] Reloading Section: "pre-register/DefaultPluginImpl of DefaultPluginImpl [roughlyenoughitems]/" done in 23.80 μs
[02:43:42] [main/TRACE] [REI] [REIPlugin END] Reloading Section: "pre-register/DefaultRuntimePlugin of DefaultRuntimePlugin [roughlyenoughitems]/"
[02:43:42] [main/TRACE] [REI] [REIPlugin END] Reloading Section: "pre-register/DefaultRuntimePlugin of DefaultRuntimePlugin [roughlyenoughitems]/" done in 18.70 μs
[02:43:42] [main/TRACE] [REI] [REIPlugin END] Reloading Section: "pre-register/AdornReiServerForge of AdornReiServerForge [adorn]/"
[02:43:42] [main/TRACE] [REI] [REIPlugin END] Reloading Section: "pre-register/AdornReiServerForge of AdornReiServerForge [adorn]/" done in 7.500 μs
[02:43:42] [main/TRACE] [REI] [REIPlugin END] Reloading Section: "pre-register/" done in 362.7 μs
[02:43:42] [main/TRACE] [REI] [REIPlugin END] Reloading Section: "pre-stage/"
[02:43:42] [main/TRACE] [REI] [REIPlugin END] Reloading Section: "pre-stage/EntryTypeRegistryImpl/"
[02:43:42] [main/TRACE] [REI] [REIPlugin END] Reloading Section: "pre-stage/EntryTypeRegistryImpl/" done in 7.400 μs
[02:43:42] [main/TRACE] [REI] [REIPlugin END] Reloading Section: "pre-stage/EntrySettingsAdapterRegistryImpl/"
[02:43:42] [main/TRACE] [REI] [REIPlugin END] Reloading Section: "pre-stage/EntrySettingsAdapterRegistryImpl/" done in 6.600 μs
[02:43:42] [main/TRACE] [REI] [REIPlugin END] Reloading Section: "pre-stage/RecipeManagerContextImpl/"
[02:43:42] [main/TRACE] [REI] [REIPlugin END] Reloading Section: "pre-stage/RecipeManagerContextImpl/" done in 5.000 μs
[02:43:42] [main/TRACE] [REI] [REIPlugin END] Reloading Section: "pre-stage/ItemComparatorRegistryImpl/"
[02:43:42] [main/TRACE] [REI] [REIPlugin END] Reloading Section: "pre-stage/ItemComparatorRegistryImpl/" done in 5.300 μs
[02:43:42] [main/TRACE] [REI] [REIPlugin END] Reloading Section: "pre-stage/FluidComparatorRegistryImpl/"
[02:43:42] [main/TRACE] [REI] [REIPlugin END] Reloading Section: "pre-stage/FluidComparatorRegistryImpl/" done in 5.100 μs
[02:43:42] [main/TRACE] [REI] [REIPlugin END] Reloading Section: "pre-stage/DisplaySerializerRegistryImpl/"
[02:43:42] [main/TRACE] [REI] [REIPlugin END] Reloading Section: "pre-stage/DisplaySerializerRegistryImpl/" done in 4.900 μs
[02:43:42] [main/TRACE] [REI] [REIPlugin END] Reloading Section: "pre-stage/FluidSupportProviderImpl/"
[02:43:42] [main/TRACE] [REI] [REIPlugin END] Reloading Section: "pre-stage/FluidSupportProviderImpl/" done in 5.600 μs
[02:43:42] [main/TRACE] [REI] [REIPlugin END] Reloading Section: "pre-stage/" done in 538.0 μs
[02:43:42] [main/DEBUG] [REI] ========================================
[02:43:42] [main/DEBUG] [REI] REIPlugin finished pre-reload for END in 1.106 ms.
[02:43:42] [main/DEBUG] [REI] ========================================
[02:43:42] [main/DEBUG] [REI] ========================================
[02:43:42] [main/DEBUG] [REI] REIServerPlugin starting pre-reload for END.
[02:43:42] [main/DEBUG] [REI] Reloadables (2):
[02:43:42] [main/DEBUG] [REI]  - MenuInfoRegistryImpl
[02:43:42] [main/DEBUG] [REI]  - SlotAccessorRegistryImpl
[02:43:42] [main/DEBUG] [REI] Plugins (3):
[02:43:42] [main/DEBUG] [REI]  - (-100.00) DefaultPluginImpl of DefaultPluginImpl [roughlyenoughitems]
[02:43:42] [main/DEBUG] [REI]  - (0.00) AdornReiServerForge of AdornReiServerForge [adorn]
[02:43:42] [main/DEBUG] [REI]  - (0.00) DefaultRuntimePlugin of DefaultRuntimePlugin [roughlyenoughitems]
[02:43:42] [main/DEBUG] [REI] ========================================
[02:43:42] [main/TRACE] [REI] [REIServerPlugin END] Reloading Section: "pre-register/"
[02:43:42] [main/TRACE] [REI] [REIServerPlugin END] Reloading Section: "pre-register/DefaultPluginImpl of DefaultPluginImpl [roughlyenoughitems]/"
[02:43:42] [main/TRACE] [REI] [REIServerPlugin END] Reloading Section: "pre-register/DefaultPluginImpl of DefaultPluginImpl [roughlyenoughitems]/" done in 17.20 μs
[02:43:42] [main/TRACE] [REI] [REIServerPlugin END] Reloading Section: "pre-register/AdornReiServerForge of AdornReiServerForge [adorn]/"
[02:43:42] [main/TRACE] [REI] [REIServerPlugin END] Reloading Section: "pre-register/AdornReiServerForge of AdornReiServerForge [adorn]/" done in 9.400 μs
[02:43:42] [main/TRACE] [REI] [REIServerPlugin END] Reloading Section: "pre-register/DefaultRuntimePlugin of DefaultRuntimePlugin [roughlyenoughitems]/"
[02:43:42] [main/TRACE] [REI] [REIServerPlugin END] Reloading Section: "pre-register/DefaultRuntimePlugin of DefaultRuntimePlugin [roughlyenoughitems]/" done in 7.500 μs
[02:43:42] [main/TRACE] [REI] [REIServerPlugin END] Reloading Section: "pre-register/" done in 303.4 μs
[02:43:42] [main/TRACE] [REI] [REIServerPlugin END] Reloading Section: "pre-stage/"
[02:43:42] [main/TRACE] [REI] [REIServerPlugin END] Reloading Section: "pre-stage/MenuInfoRegistryImpl/"
[02:43:42] [main/TRACE] [REI] [REIServerPlugin END] Reloading Section: "pre-stage/MenuInfoRegistryImpl/" done in 7.700 μs
[02:43:42] [main/TRACE] [REI] [REIServerPlugin END] Reloading Section: "pre-stage/SlotAccessorRegistryImpl/"
[02:43:42] [main/TRACE] [REI] [REIServerPlugin END] Reloading Section: "pre-stage/SlotAccessorRegistryImpl/" done in 6.100 μs
[02:43:42] [main/TRACE] [REI] [REIServerPlugin END] Reloading Section: "pre-stage/" done in 165.7 μs
[02:43:42] [main/DEBUG] [REI] ========================================
[02:43:42] [main/DEBUG] [REI] REIServerPlugin finished pre-reload for END in 642.2 μs.
[02:43:42] [main/DEBUG] [REI] ========================================
[02:43:42] [main/INFO] [REI] ****************************************
[02:43:42] [main/INFO] [REI] REIPlugin starting main-reload for END.
[02:43:42] [main/DEBUG] [REI] Reloadables (7):
[02:43:42] [main/DEBUG] [REI]  - EntryTypeRegistryImpl
[02:43:42] [main/DEBUG] [REI]  - EntrySettingsAdapterRegistryImpl
[02:43:42] [main/DEBUG] [REI]  - RecipeManagerContextImpl
[02:43:42] [main/DEBUG] [REI]  - ItemComparatorRegistryImpl
[02:43:42] [main/DEBUG] [REI]  - FluidComparatorRegistryImpl
[02:43:42] [main/DEBUG] [REI]  - DisplaySerializerRegistryImpl
[02:43:42] [main/DEBUG] [REI]  - FluidSupportProviderImpl
[02:43:42] [main/INFO] [REI] Plugins (3):
[02:43:42] [main/INFO] [REI]  - (-100.00) DefaultPluginImpl of DefaultPluginImpl [roughlyenoughitems]
[02:43:42] [main/INFO] [REI]  - (0.00) DefaultRuntimePlugin of DefaultRuntimePlugin [roughlyenoughitems]
[02:43:42] [main/INFO] [REI]  - (0.00) AdornReiServerForge of AdornReiServerForge [adorn]
[02:43:42] [main/INFO] [REI] ****************************************
[02:43:42] [main/TRACE] [REI] [REIPlugin END] Reloading Section: "start-reload/"
[02:43:42] [main/TRACE] [REI] [REIPlugin END] Reloading Section: "start-reload/EntryTypeRegistryImpl/"
[02:43:42] [main/TRACE] [REI] [REIPlugin END] Reloading Section: "start-reload/EntryTypeRegistryImpl/" done in 16.00 μs
[02:43:42] [main/TRACE] [REI] [REIPlugin END] Reloading Section: "start-reload/EntrySettingsAdapterRegistryImpl/"
[02:43:42] [main/TRACE] [REI] [REIPlugin END] Reloading Section: "start-reload/EntrySettingsAdapterRegistryImpl/" done in 30.00 μs
[02:43:42] [main/TRACE] [REI] [REIPlugin END] Reloading Section: "start-reload/RecipeManagerContextImpl/"
[02:43:42] [main/TRACE] [REI] [REIPlugin END] Reloading Section: "start-reload/RecipeManagerContextImpl/" done in 6.900 μs
[02:43:42] [main/TRACE] [REI] [REIPlugin END] Reloading Section: "start-reload/ItemComparatorRegistryImpl/"
[02:43:42] [main/TRACE] [REI] [REIPlugin END] Reloading Section: "start-reload/ItemComparatorRegistryImpl/" done in 4.900 μs
[02:43:42] [main/TRACE] [REI] [REIPlugin END] Reloading Section: "start-reload/FluidComparatorRegistryImpl/"
[02:43:42] [main/TRACE] [REI] [REIPlugin END] Reloading Section: "start-reload/FluidComparatorRegistryImpl/" done in 4.200 μs
[02:43:42] [main/TRACE] [REI] [REIPlugin END] Reloading Section: "start-reload/DisplaySerializerRegistryImpl/"
[02:43:42] [main/TRACE] [REI] [REIPlugin END] Reloading Section: "start-reload/DisplaySerializerRegistryImpl/" done in 16.00 μs
[02:43:42] [main/TRACE] [REI] [REIPlugin END] Reloading Section: "start-reload/FluidSupportProviderImpl/"
[02:43:42] [main/TRACE] [REI] [REIPlugin END] Reloading Section: "start-reload/FluidSupportProviderImpl/" done in 5.200 μs
[02:43:42] [main/TRACE] [REI] [REIPlugin END] Reloading Section: "start-reload/" done in 633.1 μs
[02:43:42] [main/DEBUG] [REI] ========================================
[02:43:42] [main/DEBUG] [REI] REIPlugin started main-reload for END.
[02:43:42] [main/DEBUG] [REI] ========================================
[02:43:42] [main/TRACE] [REI] [REIPlugin END] Reloading Section: "reloadable-plugin/EntryTypeRegistryImpl/"
[02:43:42] [main/TRACE] [REI] [REIPlugin END] Reloading Section: "reloadable-plugin/EntryTypeRegistryImpl/DefaultPluginImpl of DefaultPluginImpl [roughlyenoughitems]/"
[02:43:42] [main/TRACE] [REI] [REIPlugin END] Reloading Section: "reloadable-plugin/EntryTypeRegistryImpl/DefaultPluginImpl of DefaultPluginImpl [roughlyenoughitems]/" done in 15.40 μs
[02:43:42] [main/TRACE] [REI] [REIPlugin END] Reloading Section: "reloadable-plugin/EntryTypeRegistryImpl/DefaultRuntimePlugin of DefaultRuntimePlugin [roughlyenoughitems]/"
[02:43:42] [main/TRACE] [REI] [REIPlugin END] Reloading Section: "reloadable-plugin/EntryTypeRegistryImpl/DefaultRuntimePlugin of DefaultRuntimePlugin [roughlyenoughitems]/" done in 12.30 μs
[02:43:42] [main/TRACE] [REI] [REIPlugin END] Reloading Section: "reloadable-plugin/EntryTypeRegistryImpl/AdornReiServerForge of AdornReiServerForge [adorn]/"
[02:43:42] [main/TRACE] [REI] [REIPlugin END] Reloading Section: "reloadable-plugin/EntryTypeRegistryImpl/AdornReiServerForge of AdornReiServerForge [adorn]/" done in 10.40 μs
[02:43:42] [main/TRACE] [REI] [REIPlugin END] Reloading Section: "reloadable-plugin/EntryTypeRegistryImpl/" done in 287.9 μs
[02:43:42] [main/TRACE] [REI] [REIPlugin END] Reloading Section: "reloadable-plugin/EntrySettingsAdapterRegistryImpl/"
[02:43:42] [main/TRACE] [REI] [REIPlugin END] Reloading Section: "reloadable-plugin/EntrySettingsAdapterRegistryImpl/DefaultPluginImpl of DefaultPluginImpl [roughlyenoughitems]/"
[02:43:42] [main/TRACE] [REI] [REIPlugin END] Reloading Section: "reloadable-plugin/EntrySettingsAdapterRegistryImpl/DefaultPluginImpl of DefaultPluginImpl [roughlyenoughitems]/" done in 22.80 μs
[02:43:42] [main/TRACE] [REI] [REIPlugin END] Reloading Section: "reloadable-plugin/EntrySettingsAdapterRegistryImpl/DefaultRuntimePlugin of DefaultRuntimePlugin [roughlyenoughitems]/"
[02:43:42] [main/TRACE] [REI] [REIPlugin END] Reloading Section: "reloadable-plugin/EntrySettingsAdapterRegistryImpl/DefaultRuntimePlugin of DefaultRuntimePlugin [roughlyenoughitems]/" done in 11.20 μs
[02:43:42] [main/TRACE] [REI] [REIPlugin END] Reloading Section: "reloadable-plugin/EntrySettingsAdapterRegistryImpl/AdornReiServerForge of AdornReiServerForge [adorn]/"
[02:43:42] [main/TRACE] [REI] [REIPlugin END] Reloading Section: "reloadable-plugin/EntrySettingsAdapterRegistryImpl/AdornReiServerForge of AdornReiServerForge [adorn]/" done in 10.90 μs
[02:43:42] [main/TRACE] [REI] [REIPlugin END] Reloading Section: "reloadable-plugin/EntrySettingsAdapterRegistryImpl/" done in 326.8 μs
[02:43:42] [main/TRACE] [REI] [REIPlugin END] Reloading Section: "reloadable-plugin/RecipeManagerContextImpl/"
[02:43:42] [main/TRACE] [REI] [REIPlugin END] Reloading Section: "reloadable-plugin/RecipeManagerContextImpl/DefaultPluginImpl of DefaultPluginImpl [roughlyenoughitems]/"
[02:43:42] [main/TRACE] [REI] [REIPlugin END] Reloading Section: "reloadable-plugin/RecipeManagerContextImpl/DefaultPluginImpl of DefaultPluginImpl [roughlyenoughitems]/" done in 12.10 μs
[02:43:42] [main/TRACE] [REI] [REIPlugin END] Reloading Section: "reloadable-plugin/RecipeManagerContextImpl/DefaultRuntimePlugin of DefaultRuntimePlugin [roughlyenoughitems]/"
[02:43:42] [main/TRACE] [REI] [REIPlugin END] Reloading Section: "reloadable-plugin/RecipeManagerContextImpl/DefaultRuntimePlugin of DefaultRuntimePlugin [roughlyenoughitems]/" done in 14.60 μs
[02:43:42] [main/TRACE] [REI] [REIPlugin END] Reloading Section: "reloadable-plugin/RecipeManagerContextImpl/AdornReiServerForge of AdornReiServerForge [adorn]/"
[02:43:42] [main/TRACE] [REI] [REIPlugin END] Reloading Section: "reloadable-plugin/RecipeManagerContextImpl/AdornReiServerForge of AdornReiServerForge [adorn]/" done in 11.10 μs
[02:43:42] [main/TRACE] [REI] [REIPlugin END] Reloading Section: "reloadable-plugin/RecipeManagerContextImpl/" done in 336.2 μs
[02:43:42] [main/TRACE] [REI] [REIPlugin END] Reloading Section: "reloadable-plugin/ItemComparatorRegistryImpl/"
[02:43:42] [main/TRACE] [REI] [REIPlugin END] Reloading Section: "reloadable-plugin/ItemComparatorRegistryImpl/DefaultPluginImpl of DefaultPluginImpl [roughlyenoughitems]/"
[02:43:42] [main/TRACE] [REI] [REIPlugin END] Reloading Section: "reloadable-plugin/ItemComparatorRegistryImpl/DefaultPluginImpl of DefaultPluginImpl [roughlyenoughitems]/" done in 9.900 μs
[02:43:42] [main/TRACE] [REI] [REIPlugin END] Reloading Section: "reloadable-plugin/ItemComparatorRegistryImpl/DefaultRuntimePlugin of DefaultRuntimePlugin [roughlyenoughitems]/"
[02:43:42] [main/TRACE] [REI] [REIPlugin END] Reloading Section: "reloadable-plugin/ItemComparatorRegistryImpl/DefaultRuntimePlugin of DefaultRuntimePlugin [roughlyenoughitems]/" done in 10.40 μs
[02:43:42] [main/TRACE] [REI] [REIPlugin END] Reloading Section: "reloadable-plugin/ItemComparatorRegistryImpl/AdornReiServerForge of AdornReiServerForge [adorn]/"
[02:43:42] [main/TRACE] [REI] [REIPlugin END] Reloading Section: "reloadable-plugin/ItemComparatorRegistryImpl/AdornReiServerForge of AdornReiServerForge [adorn]/" done in 9.900 μs
[02:43:42] [main/TRACE] [REI] [REIPlugin END] Reloading Section: "reloadable-plugin/ItemComparatorRegistryImpl/" done in 272.9 μs
[02:43:42] [main/TRACE] [REI] [REIPlugin END] Reloading Section: "reloadable-plugin/FluidComparatorRegistryImpl/"
[02:43:42] [main/TRACE] [REI] [REIPlugin END] Reloading Section: "reloadable-plugin/FluidComparatorRegistryImpl/DefaultPluginImpl of DefaultPluginImpl [roughlyenoughitems]/"
[02:43:42] [main/TRACE] [REI] [REIPlugin END] Reloading Section: "reloadable-plugin/FluidComparatorRegistryImpl/DefaultPluginImpl of DefaultPluginImpl [roughlyenoughitems]/" done in 9.300 μs
[02:43:42] [main/TRACE] [REI] [REIPlugin END] Reloading Section: "reloadable-plugin/FluidComparatorRegistryImpl/DefaultRuntimePlugin of DefaultRuntimePlugin [roughlyenoughitems]/"
[02:43:42] [main/TRACE] [REI] [REIPlugin END] Reloading Section: "reloadable-plugin/FluidComparatorRegistryImpl/DefaultRuntimePlugin of DefaultRuntimePlugin [roughlyenoughitems]/" done in 36.30 μs
[02:43:42] [main/TRACE] [REI] [REIPlugin END] Reloading Section: "reloadable-plugin/FluidComparatorRegistryImpl/AdornReiServerForge of AdornReiServerForge [adorn]/"
[02:43:42] [main/TRACE] [REI] [REIPlugin END] Reloading Section: "reloadable-plugin/FluidComparatorRegistryImpl/AdornReiServerForge of AdornReiServerForge [adorn]/" done in 11.00 μs
[02:43:42] [main/TRACE] [REI] [REIPlugin END] Reloading Section: "reloadable-plugin/FluidComparatorRegistryImpl/" done in 317.6 μs
[02:43:42] [main/TRACE] [REI] [REIPlugin END] Reloading Section: "reloadable-plugin/DisplaySerializerRegistryImpl/"
[02:43:42] [main/TRACE] [REI] [REIPlugin END] Reloading Section: "reloadable-plugin/DisplaySerializerRegistryImpl/DefaultPluginImpl of DefaultPluginImpl [roughlyenoughitems]/"
[02:43:42] [main/TRACE] [REI] [REIPlugin END] Reloading Section: "reloadable-plugin/DisplaySerializerRegistryImpl/DefaultPluginImpl of DefaultPluginImpl [roughlyenoughitems]/" done in 43.52 ms
[02:43:42] [main/TRACE] [REI] [REIPlugin END] Reloading Section: "reloadable-plugin/DisplaySerializerRegistryImpl/DefaultRuntimePlugin of DefaultRuntimePlugin [roughlyenoughitems]/"
[02:43:42] [main/TRACE] [REI] [REIPlugin END] Reloading Section: "reloadable-plugin/DisplaySerializerRegistryImpl/DefaultRuntimePlugin of DefaultRuntimePlugin [roughlyenoughitems]/" done in 19.20 μs
[02:43:42] [main/TRACE] [REI] [REIPlugin END] Reloading Section: "reloadable-plugin/DisplaySerializerRegistryImpl/AdornReiServerForge of AdornReiServerForge [adorn]/"
[02:43:42] [main/TRACE] [REI] [REIPlugin END] Reloading Section: "reloadable-plugin/DisplaySerializerRegistryImpl/AdornReiServerForge of AdornReiServerForge [adorn]/" done in 722.6 μs
[02:43:42] [main/TRACE] [REI] [REIPlugin END] Reloading Section: "reloadable-plugin/DisplaySerializerRegistryImpl/" done in 44.75 ms
[02:43:42] [main/TRACE] [REI] [REIPlugin END] Reloading Section: "reloadable-plugin/FluidSupportProviderImpl/"
[02:43:42] [main/TRACE] [REI] [REIPlugin END] Reloading Section: "reloadable-plugin/FluidSupportProviderImpl/DefaultPluginImpl of DefaultPluginImpl [roughlyenoughitems]/"
[02:43:42] [main/TRACE] [REI] [REIPlugin END] Reloading Section: "reloadable-plugin/FluidSupportProviderImpl/DefaultPluginImpl of DefaultPluginImpl [roughlyenoughitems]/" done in 15.40 μs
[02:43:42] [main/TRACE] [REI] [REIPlugin END] Reloading Section: "reloadable-plugin/FluidSupportProviderImpl/DefaultRuntimePlugin of DefaultRuntimePlugin [roughlyenoughitems]/"
[02:43:42] [main/TRACE] [REI] [REIPlugin END] Reloading Section: "reloadable-plugin/FluidSupportProviderImpl/DefaultRuntimePlugin of DefaultRuntimePlugin [roughlyenoughitems]/" done in 14.10 μs
[02:43:42] [main/TRACE] [REI] [REIPlugin END] Reloading Section: "reloadable-plugin/FluidSupportProviderImpl/AdornReiServerForge of AdornReiServerForge [adorn]/"
[02:43:42] [main/TRACE] [REI] [REIPlugin END] Reloading Section: "reloadable-plugin/FluidSupportProviderImpl/AdornReiServerForge of AdornReiServerForge [adorn]/" done in 10.10 μs
[02:43:42] [main/TRACE] [REI] [REIPlugin END] Reloading Section: "reloadable-plugin/FluidSupportProviderImpl/" done in 345.5 μs
[02:43:42] [main/DEBUG] [REI] ========================================
[02:43:42] [main/DEBUG] [REI] REIPlugin ending main-reload for END.
[02:43:42] [main/DEBUG] [REI] ========================================
[02:43:42] [main/TRACE] [REI] [REIPlugin END] Reloading Section: "end-reload/"
[02:43:42] [main/TRACE] [REI] [REIPlugin END] Reloading Section: "end-reload/EntryTypeRegistryImpl/"
[02:43:42] [main/TRACE] [REI] [REIPlugin END] Reloading Section: "end-reload/EntryTypeRegistryImpl/" done in 4.200 μs
[02:43:42] [main/TRACE] [REI] [REIPlugin END] Reloading Section: "end-reload/EntrySettingsAdapterRegistryImpl/"
[02:43:42] [main/TRACE] [REI] [REIPlugin END] Reloading Section: "end-reload/EntrySettingsAdapterRegistryImpl/" done in 3.500 μs
[02:43:42] [main/TRACE] [REI] [REIPlugin END] Reloading Section: "end-reload/RecipeManagerContextImpl/"
[02:43:42] [main/TRACE] [REI] [REIPlugin END] Reloading Section: "end-reload/RecipeManagerContextImpl/" done in 3.100 μs
[02:43:42] [main/TRACE] [REI] [REIPlugin END] Reloading Section: "end-reload/ItemComparatorRegistryImpl/"
[02:43:42] [main/TRACE] [REI] [REIPlugin END] Reloading Section: "end-reload/ItemComparatorRegistryImpl/" done in 3.200 μs
[02:43:42] [main/TRACE] [REI] [REIPlugin END] Reloading Section: "end-reload/FluidComparatorRegistryImpl/"
[02:43:42] [main/TRACE] [REI] [REIPlugin END] Reloading Section: "end-reload/FluidComparatorRegistryImpl/" done in 2.700 μs
[02:43:42] [main/TRACE] [REI] [REIPlugin END] Reloading Section: "end-reload/DisplaySerializerRegistryImpl/"
[02:43:42] [main/TRACE] [REI] [REIPlugin END] Reloading Section: "end-reload/DisplaySerializerRegistryImpl/" done in 2.800 μs
[02:43:42] [main/TRACE] [REI] [REIPlugin END] Reloading Section: "end-reload/FluidSupportProviderImpl/"
[02:43:42] [main/TRACE] [REI] [REIPlugin END] Reloading Section: "end-reload/FluidSupportProviderImpl/" done in 3.000 μs
[02:43:42] [main/TRACE] [REI] [REIPlugin END] Reloading Section: "end-reload/" done in 318.1 μs
[02:43:42] [main/DEBUG] [REI] ========================================
[02:43:42] [main/DEBUG] [REI] REIPlugin ended main-reload for END in 52.31 ms.
[02:43:42] [main/DEBUG] [REI] ========================================
[02:43:42] [main/INFO] [REI] OOOOOOOOOOOOOOOOOOOOOOOOOOOOOOOOOOOOOOOO
[02:43:42] [main/INFO] [REI] REIServerPlugin starting main-reload for END.
[02:43:42] [main/DEBUG] [REI] Reloadables (2):
[02:43:42] [main/DEBUG] [REI]  - MenuInfoRegistryImpl
[02:43:42] [main/DEBUG] [REI]  - SlotAccessorRegistryImpl
[02:43:42] [main/INFO] [REI] Plugins (3):
[02:43:42] [main/INFO] [REI]  - (-100.00) DefaultPluginImpl of DefaultPluginImpl [roughlyenoughitems]
[02:43:42] [main/INFO] [REI]  - (0.00) AdornReiServerForge of AdornReiServerForge [adorn]
[02:43:42] [main/INFO] [REI]  - (0.00) DefaultRuntimePlugin of DefaultRuntimePlugin [roughlyenoughitems]
[02:43:42] [main/INFO] [REI] OOOOOOOOOOOOOOOOOOOOOOOOOOOOOOOOOOOOOOOO
[02:43:42] [main/TRACE] [REI] [REIServerPlugin END] Reloading Section: "start-reload/"
[02:43:42] [main/TRACE] [REI] [REIServerPlugin END] Reloading Section: "start-reload/MenuInfoRegistryImpl/"
[02:43:42] [main/TRACE] [REI] [REIServerPlugin END] Reloading Section: "start-reload/MenuInfoRegistryImpl/" done in 27.20 μs
[02:43:42] [main/TRACE] [REI] [REIServerPlugin END] Reloading Section: "start-reload/SlotAccessorRegistryImpl/"
[02:43:42] [main/TRACE] [REI] [REIServerPlugin END] Reloading Section: "start-reload/SlotAccessorRegistryImpl/" done in 11.00 μs
[02:43:42] [main/TRACE] [REI] [REIServerPlugin END] Reloading Section: "start-reload/" done in 193.9 μs
[02:43:42] [main/DEBUG] [REI] ========================================
[02:43:42] [main/DEBUG] [REI] REIServerPlugin started main-reload for END.
[02:43:42] [main/DEBUG] [REI] ========================================
[02:43:42] [main/TRACE] [REI] [REIServerPlugin END] Reloading Section: "reloadable-plugin/MenuInfoRegistryImpl/"
[02:43:42] [main/TRACE] [REI] [REIServerPlugin END] Reloading Section: "reloadable-plugin/MenuInfoRegistryImpl/DefaultPluginImpl of DefaultPluginImpl [roughlyenoughitems]/"
[02:43:42] [main/TRACE] [REI] [REIServerPlugin END] Reloading Section: "reloadable-plugin/MenuInfoRegistryImpl/DefaultPluginImpl of DefaultPluginImpl [roughlyenoughitems]/" done in 23.10 μs
[02:43:42] [main/TRACE] [REI] [REIServerPlugin END] Reloading Section: "reloadable-plugin/MenuInfoRegistryImpl/AdornReiServerForge of AdornReiServerForge [adorn]/"
[02:43:42] [main/TRACE] [REI] [REIServerPlugin END] Reloading Section: "reloadable-plugin/MenuInfoRegistryImpl/AdornReiServerForge of AdornReiServerForge [adorn]/" done in 10.30 μs
[02:43:42] [main/TRACE] [REI] [REIServerPlugin END] Reloading Section: "reloadable-plugin/MenuInfoRegistryImpl/DefaultRuntimePlugin of DefaultRuntimePlugin [roughlyenoughitems]/"
[02:43:42] [main/TRACE] [REI] [REIServerPlugin END] Reloading Section: "reloadable-plugin/MenuInfoRegistryImpl/DefaultRuntimePlugin of DefaultRuntimePlugin [roughlyenoughitems]/" done in 7.300 μs
[02:43:42] [main/TRACE] [REI] [REIServerPlugin END] Reloading Section: "reloadable-plugin/MenuInfoRegistryImpl/" done in 228.6 μs
[02:43:42] [main/TRACE] [REI] [REIServerPlugin END] Reloading Section: "reloadable-plugin/SlotAccessorRegistryImpl/"
[02:43:42] [main/TRACE] [REI] [REIServerPlugin END] Reloading Section: "reloadable-plugin/SlotAccessorRegistryImpl/DefaultPluginImpl of DefaultPluginImpl [roughlyenoughitems]/"
[02:43:42] [main/TRACE] [REI] [REIServerPlugin END] Reloading Section: "reloadable-plugin/SlotAccessorRegistryImpl/DefaultPluginImpl of DefaultPluginImpl [roughlyenoughitems]/" done in 15.60 μs
[02:43:42] [main/TRACE] [REI] [REIServerPlugin END] Reloading Section: "reloadable-plugin/SlotAccessorRegistryImpl/AdornReiServerForge of AdornReiServerForge [adorn]/"
[02:43:42] [main/TRACE] [REI] [REIServerPlugin END] Reloading Section: "reloadable-plugin/SlotAccessorRegistryImpl/AdornReiServerForge of AdornReiServerForge [adorn]/" done in 8.200 μs
[02:43:42] [main/TRACE] [REI] [REIServerPlugin END] Reloading Section: "reloadable-plugin/SlotAccessorRegistryImpl/DefaultRuntimePlugin of DefaultRuntimePlugin [roughlyenoughitems]/"
[02:43:42] [main/DEBUG] [REI] Added slot accessor serializer: me.shedaniel.rei.plugin.common.runtime.DefaultRuntimePlugin$1@56fc337b [roughlyenoughitems:vanilla]
[02:43:42] [main/DEBUG] [REI] Added slot accessor serializer: me.shedaniel.rei.plugin.common.runtime.DefaultRuntimePlugin$2@48283fc [roughlyenoughitems:player]
[02:43:42] [main/TRACE] [REI] [REIServerPlugin END] Reloading Section: "reloadable-plugin/SlotAccessorRegistryImpl/DefaultRuntimePlugin of DefaultRuntimePlugin [roughlyenoughitems]/" done in 3.300 ms
[02:43:42] [main/TRACE] [REI] [REIServerPlugin END] Reloading Section: "reloadable-plugin/SlotAccessorRegistryImpl/" done in 3.572 ms
[02:43:42] [main/DEBUG] [REI] ========================================
[02:43:42] [main/DEBUG] [REI] REIServerPlugin ending main-reload for END.
[02:43:42] [main/DEBUG] [REI] ========================================
[02:43:42] [main/TRACE] [REI] [REIServerPlugin END] Reloading Section: "end-reload/"
[02:43:42] [main/TRACE] [REI] [REIServerPlugin END] Reloading Section: "end-reload/MenuInfoRegistryImpl/"
[02:43:42] [main/DEBUG] [REI] Registered 0 menu infos
[02:43:42] [main/TRACE] [REI] [REIServerPlugin END] Reloading Section: "end-reload/MenuInfoRegistryImpl/" done in 62.10 μs
[02:43:42] [main/TRACE] [REI] [REIServerPlugin END] Reloading Section: "end-reload/SlotAccessorRegistryImpl/"
[02:43:42] [main/DEBUG] [REI] Registered 2 slot accessor serializers
[02:43:42] [main/TRACE] [REI] [REIServerPlugin END] Reloading Section: "end-reload/SlotAccessorRegistryImpl/" done in 69.80 μs
[02:43:42] [main/TRACE] [REI] [REIServerPlugin END] Reloading Section: "end-reload/" done in 247.4 μs
[02:43:42] [main/DEBUG] [REI] ========================================
[02:43:42] [main/DEBUG] [REI] REIServerPlugin ended main-reload for END in 7.870 ms.
[02:43:42] [main/DEBUG] [REI] ========================================
[02:43:42] [main/DEBUG] [REI] ========================================
[02:43:42] [main/DEBUG] [REI] REIPlugin starting post-reload for END.
[02:43:42] [main/DEBUG] [REI] Reloadables (7):
[02:43:42] [main/DEBUG] [REI]  - EntryTypeRegistryImpl
[02:43:42] [main/DEBUG] [REI]  - EntrySettingsAdapterRegistryImpl
[02:43:42] [main/DEBUG] [REI]  - RecipeManagerContextImpl
[02:43:42] [main/DEBUG] [REI]  - ItemComparatorRegistryImpl
[02:43:42] [main/DEBUG] [REI]  - FluidComparatorRegistryImpl
[02:43:42] [main/DEBUG] [REI]  - DisplaySerializerRegistryImpl
[02:43:42] [main/DEBUG] [REI]  - FluidSupportProviderImpl
[02:43:42] [main/DEBUG] [REI] Plugins (3):
[02:43:42] [main/DEBUG] [REI]  - (-100.00) DefaultPluginImpl of DefaultPluginImpl [roughlyenoughitems]
[02:43:42] [main/DEBUG] [REI]  - (0.00) DefaultRuntimePlugin of DefaultRuntimePlugin [roughlyenoughitems]
[02:43:42] [main/DEBUG] [REI]  - (0.00) AdornReiServerForge of AdornReiServerForge [adorn]
[02:43:42] [main/DEBUG] [REI] ========================================
[02:43:42] [main/TRACE] [REI] [REIPlugin END] Reloading Section: "post-register/"
[02:43:42] [main/TRACE] [REI] [REIPlugin END] Reloading Section: "post-register/DefaultPluginImpl of DefaultPluginImpl [roughlyenoughitems]/"
[02:43:42] [main/TRACE] [REI] [REIPlugin END] Reloading Section: "post-register/DefaultPluginImpl of DefaultPluginImpl [roughlyenoughitems]/" done in 13.80 μs
[02:43:42] [main/TRACE] [REI] [REIPlugin END] Reloading Section: "post-register/DefaultRuntimePlugin of DefaultRuntimePlugin [roughlyenoughitems]/"
[02:43:42] [main/TRACE] [REI] [REIPlugin END] Reloading Section: "post-register/DefaultRuntimePlugin of DefaultRuntimePlugin [roughlyenoughitems]/" done in 7.200 μs
[02:43:42] [main/TRACE] [REI] [REIPlugin END] Reloading Section: "post-register/AdornReiServerForge of AdornReiServerForge [adorn]/"
[02:43:42] [main/TRACE] [REI] [REIPlugin END] Reloading Section: "post-register/AdornReiServerForge of AdornReiServerForge [adorn]/" done in 5.400 μs
[02:43:42] [main/TRACE] [REI] [REIPlugin END] Reloading Section: "post-register/" done in 182.2 μs
[02:43:42] [main/TRACE] [REI] [REIPlugin END] Reloading Section: "post-stage/"
[02:43:42] [main/TRACE] [REI] [REIPlugin END] Reloading Section: "post-stage/EntryTypeRegistryImpl/"
[02:43:42] [main/TRACE] [REI] [REIPlugin END] Reloading Section: "post-stage/EntryTypeRegistryImpl/" done in 4.900 μs
[02:43:42] [main/TRACE] [REI] [REIPlugin END] Reloading Section: "post-stage/EntrySettingsAdapterRegistryImpl/"
[02:43:42] [main/TRACE] [REI] [REIPlugin END] Reloading Section: "post-stage/EntrySettingsAdapterRegistryImpl/" done in 3.600 μs
[02:43:42] [main/TRACE] [REI] [REIPlugin END] Reloading Section: "post-stage/RecipeManagerContextImpl/"
[02:43:42] [main/TRACE] [REI] [REIPlugin END] Reloading Section: "post-stage/RecipeManagerContextImpl/" done in 3.100 μs
[02:43:42] [main/TRACE] [REI] [REIPlugin END] Reloading Section: "post-stage/ItemComparatorRegistryImpl/"
[02:43:42] [main/TRACE] [REI] [REIPlugin END] Reloading Section: "post-stage/ItemComparatorRegistryImpl/" done in 2.800 μs
[02:43:42] [main/TRACE] [REI] [REIPlugin END] Reloading Section: "post-stage/FluidComparatorRegistryImpl/"
[02:43:42] [main/TRACE] [REI] [REIPlugin END] Reloading Section: "post-stage/FluidComparatorRegistryImpl/" done in 2.500 μs
[02:43:42] [main/TRACE] [REI] [REIPlugin END] Reloading Section: "post-stage/DisplaySerializerRegistryImpl/"
[02:43:42] [main/TRACE] [REI] [REIPlugin END] Reloading Section: "post-stage/DisplaySerializerRegistryImpl/" done in 3.800 μs
[02:43:42] [main/TRACE] [REI] [REIPlugin END] Reloading Section: "post-stage/FluidSupportProviderImpl/"
[02:43:42] [main/TRACE] [REI] [REIPlugin END] Reloading Section: "post-stage/FluidSupportProviderImpl/" done in 3.600 μs
[02:43:42] [main/TRACE] [REI] [REIPlugin END] Reloading Section: "post-stage/" done in 377.2 μs
[02:43:42] [main/DEBUG] [REI] ========================================
[02:43:42] [main/INFO] [REI] REIPlugin finished post-reload for END in 657.6 μs, totaling 54.04 ms.
[02:43:42] [main/DEBUG] [REI] ========================================
[02:43:42] [main/DEBUG] [REI] ========================================
[02:43:42] [main/DEBUG] [REI] REIServerPlugin starting post-reload for END.
[02:43:42] [main/DEBUG] [REI] Reloadables (2):
[02:43:42] [main/DEBUG] [REI]  - MenuInfoRegistryImpl
[02:43:42] [main/DEBUG] [REI]  - SlotAccessorRegistryImpl
[02:43:42] [main/DEBUG] [REI] Plugins (3):
[02:43:42] [main/DEBUG] [REI]  - (-100.00) DefaultPluginImpl of DefaultPluginImpl [roughlyenoughitems]
[02:43:42] [main/DEBUG] [REI]  - (0.00) AdornReiServerForge of AdornReiServerForge [adorn]
[02:43:42] [main/DEBUG] [REI]  - (0.00) DefaultRuntimePlugin of DefaultRuntimePlugin [roughlyenoughitems]
[02:43:42] [main/DEBUG] [REI] ========================================
[02:43:42] [main/TRACE] [REI] [REIServerPlugin END] Reloading Section: "post-register/"
[02:43:42] [main/TRACE] [REI] [REIServerPlugin END] Reloading Section: "post-register/DefaultPluginImpl of DefaultPluginImpl [roughlyenoughitems]/"
[02:43:42] [main/TRACE] [REI] [REIServerPlugin END] Reloading Section: "post-register/DefaultPluginImpl of DefaultPluginImpl [roughlyenoughitems]/" done in 11.80 μs
[02:43:42] [main/TRACE] [REI] [REIServerPlugin END] Reloading Section: "post-register/AdornReiServerForge of AdornReiServerForge [adorn]/"
[02:43:42] [main/TRACE] [REI] [REIServerPlugin END] Reloading Section: "post-register/AdornReiServerForge of AdornReiServerForge [adorn]/" done in 9.000 μs
[02:43:42] [main/TRACE] [REI] [REIServerPlugin END] Reloading Section: "post-register/DefaultRuntimePlugin of DefaultRuntimePlugin [roughlyenoughitems]/"
[02:43:42] [main/TRACE] [REI] [REIServerPlugin END] Reloading Section: "post-register/DefaultRuntimePlugin of DefaultRuntimePlugin [roughlyenoughitems]/" done in 5.200 μs
[02:43:42] [main/TRACE] [REI] [REIServerPlugin END] Reloading Section: "post-register/" done in 221.1 μs
[02:43:42] [main/TRACE] [REI] [REIServerPlugin END] Reloading Section: "post-stage/"
[02:43:42] [main/TRACE] [REI] [REIServerPlugin END] Reloading Section: "post-stage/MenuInfoRegistryImpl/"
[02:43:42] [main/TRACE] [REI] [REIServerPlugin END] Reloading Section: "post-stage/MenuInfoRegistryImpl/" done in 7.200 μs
[02:43:42] [main/TRACE] [REI] [REIServerPlugin END] Reloading Section: "post-stage/SlotAccessorRegistryImpl/"
[02:43:42] [main/TRACE] [REI] [REIServerPlugin END] Reloading Section: "post-stage/SlotAccessorRegistryImpl/" done in 8.800 μs
[02:43:42] [main/TRACE] [REI] [REIServerPlugin END] Reloading Section: "post-stage/" done in 212.6 μs
[02:43:42] [main/DEBUG] [REI] ========================================
[02:43:42] [main/INFO] [REI] REIServerPlugin finished post-reload for END in 538.7 μs, totaling 9.017 ms.
[02:43:42] [main/DEBUG] [REI] ========================================
